<?xml version="1.0" encoding="UTF-8"?>
<!-- Generated by org.testng.reporters.JUnitReportReporter -->
<testsuite hostname="PG03KMMT" failures="2" tests="4" name="com.botree.FieldActivityTest.ActivityTrackerTest" time="167.824" errors="2" timestamp="2024-06-11T12:54:14 IST" skipped="0">
  <testcase classname="com.botree.FieldActivityTest.ActivityTrackerTest" name="verifyUserAbleToDoActivityTrackerWithActiveAndTypeInputTextInPortalAndCheckWeatherItIsReflectingInApk_AT001" time="42.867">
    <error message="An unknown server-side error occurred while processing the command. Original error: &#039;POST /element&#039; cannot be proxied to UiAutomator2 server because the instrumentation process is not running (probably crashed). Check the server log and/or the logcat output for more details
Build info: version: &#039;4.11.0&#039;, revision: &#039;040bc5406b&#039;
System info: os.name: &#039;Windows 10&#039;, os.arch: &#039;amd64&#039;, os.version: &#039;10.0&#039;, java.version: &#039;11.0.11&#039;
Driver info: io.appium.java_client.android.AndroidDriver
Command: [ea708884-36ab-45ff-8032-94d1ec7380b3, findElement {using=id, value=com.botree.productsfa.botreessfa:id/username_edt}]
Capabilities {appium:adbExecTimeout: 20000, appium:app: C:\Users\balaji.vijayakumar..., appium:appPackage: com.botree.productsfa.botre..., appium:automationName: UIAutomator2, appium:databaseEnabled: false, appium:desired: {adbExecTimeout: 20000, app: C:\Users\balaji.vijayakumar..., automationName: UIAutomator2, deviceName: 4c059a39, newCommandTimeout: 1800, platformName: ANDROID, systemPort: 8201, udid: 4c059a39}, appium:deviceApiLevel: 33, appium:deviceManufacturer: OnePlus, appium:deviceModel: CPH2487, appium:deviceName: 4c059a39, appium:deviceScreenDensity: 476, appium:deviceScreenSize: 1240x2772, appium:deviceUDID: 4c059a39, appium:javascriptEnabled: true, appium:locationContextEnabled: false, appium:networkConnectionEnabled: true, appium:newCommandTimeout: 1800, appium:pixelRatio: 2.9750001, appium:platformVersion: 13, appium:statBarHeight: 110, appium:systemPort: 8201, appium:takesScreenshot: true, appium:udid: 4c059a39, appium:viewportRect: {height: 2421, left: 0, top: 110, width: 1240}, appium:warnings: {}, appium:webStorageEnabled: false, platformName: ANDROID}
Session ID: ea708884-36ab-45ff-8032-94d1ec7380b3" type="org.openqa.selenium.WebDriverException">
      <![CDATA[org.openqa.selenium.WebDriverException: An unknown server-side error occurred while processing the command. Original error: 'POST /element' cannot be proxied to UiAutomator2 server because the instrumentation process is not running (probably crashed). Check the server log and/or the logcat output for more details
Build info: version: '4.11.0', revision: '040bc5406b'
System info: os.name: 'Windows 10', os.arch: 'amd64', os.version: '10.0', java.version: '11.0.11'
Driver info: io.appium.java_client.android.AndroidDriver
Command: [ea708884-36ab-45ff-8032-94d1ec7380b3, findElement {using=id, value=com.botree.productsfa.botreessfa:id/username_edt}]
Capabilities {appium:adbExecTimeout: 20000, appium:app: C:\Users\balaji.vijayakumar..., appium:appPackage: com.botree.productsfa.botre..., appium:automationName: UIAutomator2, appium:databaseEnabled: false, appium:desired: {adbExecTimeout: 20000, app: C:\Users\balaji.vijayakumar..., automationName: UIAutomator2, deviceName: 4c059a39, newCommandTimeout: 1800, platformName: ANDROID, systemPort: 8201, udid: 4c059a39}, appium:deviceApiLevel: 33, appium:deviceManufacturer: OnePlus, appium:deviceModel: CPH2487, appium:deviceName: 4c059a39, appium:deviceScreenDensity: 476, appium:deviceScreenSize: 1240x2772, appium:deviceUDID: 4c059a39, appium:javascriptEnabled: true, appium:locationContextEnabled: false, appium:networkConnectionEnabled: true, appium:newCommandTimeout: 1800, appium:pixelRatio: 2.9750001, appium:platformVersion: 13, appium:statBarHeight: 110, appium:systemPort: 8201, appium:takesScreenshot: true, appium:udid: 4c059a39, appium:viewportRect: {height: 2421, left: 0, top: 110, width: 1240}, appium:warnings: {}, appium:webStorageEnabled: false, platformName: ANDROID}
Session ID: ea708884-36ab-45ff-8032-94d1ec7380b3
at jdk.internal.reflect.GeneratedConstructorAccessor74.newInstance(Unknown Source)
at java.base/jdk.internal.reflect.DelegatingConstructorAccessorImpl.newInstance(DelegatingConstructorAccessorImpl.java:45)
at java.base/java.lang.reflect.Constructor.newInstance(Constructor.java:490)
at org.openqa.selenium.remote.codec.w3c.W3CHttpResponseCodec.createException(W3CHttpResponseCodec.java:200)
at org.openqa.selenium.remote.codec.w3c.W3CHttpResponseCodec.decode(W3CHttpResponseCodec.java:133)
at org.openqa.selenium.remote.codec.w3c.W3CHttpResponseCodec.decode(W3CHttpResponseCodec.java:52)
at org.openqa.selenium.remote.HttpCommandExecutor.execute(HttpCommandExecutor.java:191)
at io.appium.java_client.remote.AppiumCommandExecutor.execute(AppiumCommandExecutor.java:262)
at org.openqa.selenium.remote.RemoteWebDriver.execute(RemoteWebDriver.java:518)
at org.openqa.selenium.remote.ElementLocation$ElementFinder$2.findElement(ElementLocation.java:165)
at org.openqa.selenium.remote.ElementLocation.findElement(ElementLocation.java:59)
at org.openqa.selenium.remote.RemoteWebDriver.findElement(RemoteWebDriver.java:355)
at org.openqa.selenium.remote.RemoteWebDriver.findElement(RemoteWebDriver.java:349)
at org.openqa.selenium.support.pagefactory.DefaultElementLocator.findElement(DefaultElementLocator.java:68)
at org.openqa.selenium.support.pagefactory.internal.LocatingElementHandler.invoke(LocatingElementHandler.java:38)
at com.sun.proxy.$Proxy21.toString(Unknown Source)
at java.base/java.lang.String.valueOf(String.java:2951)
at com.botree.utility.AndroidCommonUtility.sendKeys(AndroidCommonUtility.java:172)
at com.botree.SSFA.InitialLoginPage.setActivity(InitialLoginPage.java:139)
at com.botree.FieldActivityTest.ActivityTrackerTest.verifyUserAbleToDoActivityTrackerWithActiveAndTypeInputTextInPortalAndCheckWeatherItIsReflectingInApk_AT001(ActivityTrackerTest.java:59)
at java.base/jdk.internal.reflect.NativeMethodAccessorImpl.invoke0(Native Method)
at java.base/jdk.internal.reflect.NativeMethodAccessorImpl.invoke(NativeMethodAccessorImpl.java:62)
at java.base/jdk.internal.reflect.DelegatingMethodAccessorImpl.invoke(DelegatingMethodAccessorImpl.java:43)
at java.base/java.lang.reflect.Method.invoke(Method.java:566)
at org.testng.internal.invokers.MethodInvocationHelper.invokeMethod(MethodInvocationHelper.java:139)
at org.testng.internal.invokers.TestInvoker.invokeMethod(TestInvoker.java:664)
at org.testng.internal.invokers.TestInvoker.invokeTestMethod(TestInvoker.java:227)
at org.testng.internal.invokers.MethodRunner.runInSequence(MethodRunner.java:50)
at org.testng.internal.invokers.TestInvoker$MethodInvocationAgent.invoke(TestInvoker.java:957)
at org.testng.internal.invokers.TestInvoker.invokeTestMethods(TestInvoker.java:200)
at org.testng.internal.invokers.TestMethodWorker.invokeTestMethods(TestMethodWorker.java:148)
at org.testng.internal.invokers.TestMethodWorker.run(TestMethodWorker.java:128)
at java.base/java.util.ArrayList.forEach(ArrayList.java:1541)
at org.testng.TestRunner.privateRun(TestRunner.java:848)
at org.testng.TestRunner.run(TestRunner.java:621)
at org.testng.SuiteRunner.runTest(SuiteRunner.java:443)
at org.testng.SuiteRunner.runSequentially(SuiteRunner.java:437)
at org.testng.SuiteRunner.privateRun(SuiteRunner.java:397)
at org.testng.SuiteRunner.run(SuiteRunner.java:336)
at org.testng.SuiteRunnerWorker.runSuite(SuiteRunnerWorker.java:52)
at org.testng.SuiteRunnerWorker.run(SuiteRunnerWorker.java:95)
at org.testng.TestNG.runSuitesSequentially(TestNG.java:1280)
at org.testng.TestNG.runSuitesLocally(TestNG.java:1200)
at org.testng.TestNG.runSuites(TestNG.java:1114)
at org.testng.TestNG.run(TestNG.java:1082)
at org.testng.remote.AbstractRemoteTestNG.run(AbstractRemoteTestNG.java:115)
at org.testng.remote.RemoteTestNG.initAndRun(RemoteTestNG.java:251)
at org.testng.remote.RemoteTestNG.main(RemoteTestNG.java:77)
]]>
    </error>
  </testcase> <!-- verifyUserAbleToDoActivityTrackerWithActiveAndTypeInputTextInPortalAndCheckWeatherItIsReflectingInApk_AT001 -->
  <testcase classname="com.botree.FieldActivityTest.ActivityTrackerTest" name="verifyUserAbleToDoActivityTrackerWithInActiveAndTypeNumericInPortalAndCheckWeatherItIsReflectingInApk_AT002" time="42.357">
    <error message="An unknown server-side error occurred while processing the command. Original error: &#039;POST /element&#039; cannot be proxied to UiAutomator2 server because the instrumentation process is not running (probably crashed). Check the server log and/or the logcat output for more details
Build info: version: &#039;4.11.0&#039;, revision: &#039;040bc5406b&#039;
System info: os.name: &#039;Windows 10&#039;, os.arch: &#039;amd64&#039;, os.version: &#039;10.0&#039;, java.version: &#039;11.0.11&#039;
Driver info: io.appium.java_client.android.AndroidDriver
Command: [ea708884-36ab-45ff-8032-94d1ec7380b3, findElement {using=id, value=com.botree.productsfa.botreessfa:id/username_edt}]
Capabilities {appium:adbExecTimeout: 20000, appium:app: C:\Users\balaji.vijayakumar..., appium:appPackage: com.botree.productsfa.botre..., appium:automationName: UIAutomator2, appium:databaseEnabled: false, appium:desired: {adbExecTimeout: 20000, app: C:\Users\balaji.vijayakumar..., automationName: UIAutomator2, deviceName: 4c059a39, newCommandTimeout: 1800, platformName: ANDROID, systemPort: 8201, udid: 4c059a39}, appium:deviceApiLevel: 33, appium:deviceManufacturer: OnePlus, appium:deviceModel: CPH2487, appium:deviceName: 4c059a39, appium:deviceScreenDensity: 476, appium:deviceScreenSize: 1240x2772, appium:deviceUDID: 4c059a39, appium:javascriptEnabled: true, appium:locationContextEnabled: false, appium:networkConnectionEnabled: true, appium:newCommandTimeout: 1800, appium:pixelRatio: 2.9750001, appium:platformVersion: 13, appium:statBarHeight: 110, appium:systemPort: 8201, appium:takesScreenshot: true, appium:udid: 4c059a39, appium:viewportRect: {height: 2421, left: 0, top: 110, width: 1240}, appium:warnings: {}, appium:webStorageEnabled: false, platformName: ANDROID}
Session ID: ea708884-36ab-45ff-8032-94d1ec7380b3" type="org.openqa.selenium.WebDriverException">
      <![CDATA[org.openqa.selenium.WebDriverException: An unknown server-side error occurred while processing the command. Original error: 'POST /element' cannot be proxied to UiAutomator2 server because the instrumentation process is not running (probably crashed). Check the server log and/or the logcat output for more details
Build info: version: '4.11.0', revision: '040bc5406b'
System info: os.name: 'Windows 10', os.arch: 'amd64', os.version: '10.0', java.version: '11.0.11'
Driver info: io.appium.java_client.android.AndroidDriver
Command: [ea708884-36ab-45ff-8032-94d1ec7380b3, findElement {using=id, value=com.botree.productsfa.botreessfa:id/username_edt}]
Capabilities {appium:adbExecTimeout: 20000, appium:app: C:\Users\balaji.vijayakumar..., appium:appPackage: com.botree.productsfa.botre..., appium:automationName: UIAutomator2, appium:databaseEnabled: false, appium:desired: {adbExecTimeout: 20000, app: C:\Users\balaji.vijayakumar..., automationName: UIAutomator2, deviceName: 4c059a39, newCommandTimeout: 1800, platformName: ANDROID, systemPort: 8201, udid: 4c059a39}, appium:deviceApiLevel: 33, appium:deviceManufacturer: OnePlus, appium:deviceModel: CPH2487, appium:deviceName: 4c059a39, appium:deviceScreenDensity: 476, appium:deviceScreenSize: 1240x2772, appium:deviceUDID: 4c059a39, appium:javascriptEnabled: true, appium:locationContextEnabled: false, appium:networkConnectionEnabled: true, appium:newCommandTimeout: 1800, appium:pixelRatio: 2.9750001, appium:platformVersion: 13, appium:statBarHeight: 110, appium:systemPort: 8201, appium:takesScreenshot: true, appium:udid: 4c059a39, appium:viewportRect: {height: 2421, left: 0, top: 110, width: 1240}, appium:warnings: {}, appium:webStorageEnabled: false, platformName: ANDROID}
Session ID: ea708884-36ab-45ff-8032-94d1ec7380b3
at jdk.internal.reflect.GeneratedConstructorAccessor74.newInstance(Unknown Source)
at java.base/jdk.internal.reflect.DelegatingConstructorAccessorImpl.newInstance(DelegatingConstructorAccessorImpl.java:45)
at java.base/java.lang.reflect.Constructor.newInstance(Constructor.java:490)
at org.openqa.selenium.remote.codec.w3c.W3CHttpResponseCodec.createException(W3CHttpResponseCodec.java:200)
at org.openqa.selenium.remote.codec.w3c.W3CHttpResponseCodec.decode(W3CHttpResponseCodec.java:133)
at org.openqa.selenium.remote.codec.w3c.W3CHttpResponseCodec.decode(W3CHttpResponseCodec.java:52)
at org.openqa.selenium.remote.HttpCommandExecutor.execute(HttpCommandExecutor.java:191)
at io.appium.java_client.remote.AppiumCommandExecutor.execute(AppiumCommandExecutor.java:262)
at org.openqa.selenium.remote.RemoteWebDriver.execute(RemoteWebDriver.java:518)
at org.openqa.selenium.remote.ElementLocation$ElementFinder$2.findElement(ElementLocation.java:165)
at org.openqa.selenium.remote.ElementLocation.findElement(ElementLocation.java:59)
at org.openqa.selenium.remote.RemoteWebDriver.findElement(RemoteWebDriver.java:355)
at org.openqa.selenium.remote.RemoteWebDriver.findElement(RemoteWebDriver.java:349)
at org.openqa.selenium.support.pagefactory.DefaultElementLocator.findElement(DefaultElementLocator.java:68)
at org.openqa.selenium.support.pagefactory.internal.LocatingElementHandler.invoke(LocatingElementHandler.java:38)
at com.sun.proxy.$Proxy21.toString(Unknown Source)
at java.base/java.lang.String.valueOf(String.java:2951)
at com.botree.utility.AndroidCommonUtility.sendKeys(AndroidCommonUtility.java:172)
at com.botree.SSFA.InitialLoginPage.setActivity(InitialLoginPage.java:139)
at com.botree.FieldActivityTest.ActivityTrackerTest.verifyUserAbleToDoActivityTrackerWithInActiveAndTypeNumericInPortalAndCheckWeatherItIsReflectingInApk_AT002(ActivityTrackerTest.java:113)
at java.base/jdk.internal.reflect.NativeMethodAccessorImpl.invoke0(Native Method)
at java.base/jdk.internal.reflect.NativeMethodAccessorImpl.invoke(NativeMethodAccessorImpl.java:62)
at java.base/jdk.internal.reflect.DelegatingMethodAccessorImpl.invoke(DelegatingMethodAccessorImpl.java:43)
at java.base/java.lang.reflect.Method.invoke(Method.java:566)
at org.testng.internal.invokers.MethodInvocationHelper.invokeMethod(MethodInvocationHelper.java:139)
at org.testng.internal.invokers.TestInvoker.invokeMethod(TestInvoker.java:664)
at org.testng.internal.invokers.TestInvoker.invokeTestMethod(TestInvoker.java:227)
at org.testng.internal.invokers.MethodRunner.runInSequence(MethodRunner.java:50)
at org.testng.internal.invokers.TestInvoker$MethodInvocationAgent.invoke(TestInvoker.java:957)
at org.testng.internal.invokers.TestInvoker.invokeTestMethods(TestInvoker.java:200)
at org.testng.internal.invokers.TestMethodWorker.invokeTestMethods(TestMethodWorker.java:148)
at org.testng.internal.invokers.TestMethodWorker.run(TestMethodWorker.java:128)
at java.base/java.util.ArrayList.forEach(ArrayList.java:1541)
at org.testng.TestRunner.privateRun(TestRunner.java:848)
at org.testng.TestRunner.run(TestRunner.java:621)
at org.testng.SuiteRunner.runTest(SuiteRunner.java:443)
at org.testng.SuiteRunner.runSequentially(SuiteRunner.java:437)
at org.testng.SuiteRunner.privateRun(SuiteRunner.java:397)
at org.testng.SuiteRunner.run(SuiteRunner.java:336)
at org.testng.SuiteRunnerWorker.runSuite(SuiteRunnerWorker.java:52)
at org.testng.SuiteRunnerWorker.run(SuiteRunnerWorker.java:95)
at org.testng.TestNG.runSuitesSequentially(TestNG.java:1280)
at org.testng.TestNG.runSuitesLocally(TestNG.java:1200)
at org.testng.TestNG.runSuites(TestNG.java:1114)
at org.testng.TestNG.run(TestNG.java:1082)
at org.testng.remote.AbstractRemoteTestNG.run(AbstractRemoteTestNG.java:115)
at org.testng.remote.RemoteTestNG.initAndRun(RemoteTestNG.java:251)
at org.testng.remote.RemoteTestNG.main(RemoteTestNG.java:77)
]]>
    </error>
  </testcase> <!-- verifyUserAbleToDoActivityTrackerWithInActiveAndTypeNumericInPortalAndCheckWeatherItIsReflectingInApk_AT002 -->
  <testcase classname="com.botree.FieldActivityTest.ActivityTrackerTest" name="verifyUserAbleToDoActivityTrackerInPortalwithActivityTypeCheckBoxAndCheckWeatherItIsReflectingInApk_AT003" time="41.043">
    <failure message="Add button is not enabled in ActivityTracker" type="java.lang.AssertionError">
      <![CDATA[java.lang.AssertionError: Add button is not enabled in ActivityTracker
at org.testng.Assert.fail(Assert.java:111)
at com.botree.FieldActivity.ActivityTracker.clickAddButton1(ActivityTracker.java:276)
at com.botree.FieldActivity.ActivityTracker.enterActivityInput(ActivityTracker.java:291)
at com.botree.FieldActivityTest.ActivityTrackerTest.verifyUserAbleToDoActivityTrackerInPortalwithActivityTypeCheckBoxAndCheckWeatherItIsReflectingInApk_AT003(ActivityTrackerTest.java:168)
at java.base/jdk.internal.reflect.NativeMethodAccessorImpl.invoke0(Native Method)
at java.base/jdk.internal.reflect.NativeMethodAccessorImpl.invoke(NativeMethodAccessorImpl.java:62)
at java.base/jdk.internal.reflect.DelegatingMethodAccessorImpl.invoke(DelegatingMethodAccessorImpl.java:43)
at java.base/java.lang.reflect.Method.invoke(Method.java:566)
at org.testng.internal.invokers.MethodInvocationHelper.invokeMethod(MethodInvocationHelper.java:139)
at org.testng.internal.invokers.TestInvoker.invokeMethod(TestInvoker.java:664)
at org.testng.internal.invokers.TestInvoker.invokeTestMethod(TestInvoker.java:227)
at org.testng.internal.invokers.MethodRunner.runInSequence(MethodRunner.java:50)
at org.testng.internal.invokers.TestInvoker$MethodInvocationAgent.invoke(TestInvoker.java:957)
at org.testng.internal.invokers.TestInvoker.invokeTestMethods(TestInvoker.java:200)
at org.testng.internal.invokers.TestMethodWorker.invokeTestMethods(TestMethodWorker.java:148)
at org.testng.internal.invokers.TestMethodWorker.run(TestMethodWorker.java:128)
at java.base/java.util.ArrayList.forEach(ArrayList.java:1541)
at org.testng.TestRunner.privateRun(TestRunner.java:848)
at org.testng.TestRunner.run(TestRunner.java:621)
at org.testng.SuiteRunner.runTest(SuiteRunner.java:443)
at org.testng.SuiteRunner.runSequentially(SuiteRunner.java:437)
at org.testng.SuiteRunner.privateRun(SuiteRunner.java:397)
at org.testng.SuiteRunner.run(SuiteRunner.java:336)
at org.testng.SuiteRunnerWorker.runSuite(SuiteRunnerWorker.java:52)
at org.testng.SuiteRunnerWorker.run(SuiteRunnerWorker.java:95)
at org.testng.TestNG.runSuitesSequentially(TestNG.java:1280)
at org.testng.TestNG.runSuitesLocally(TestNG.java:1200)
at org.testng.TestNG.runSuites(TestNG.java:1114)
at org.testng.TestNG.run(TestNG.java:1082)
at org.testng.remote.AbstractRemoteTestNG.run(AbstractRemoteTestNG.java:115)
at org.testng.remote.RemoteTestNG.initAndRun(RemoteTestNG.java:251)
at org.testng.remote.RemoteTestNG.main(RemoteTestNG.java:77)
]]>
    </failure>
  </testcase> <!-- verifyUserAbleToDoActivityTrackerInPortalwithActivityTypeCheckBoxAndCheckWeatherItIsReflectingInApk_AT003 -->
  <testcase classname="com.botree.FieldActivityTest.ActivityTrackerTest" name="verifyUserAbleToDoActivityTrackerWithActiveAndTypeRadioButtonInPortalAndCheckWeatherItIsReflectingInApk_AT004" time="41.557">
    <failure message="Add button is not enabled in ActivityTracker" type="java.lang.AssertionError">
      <![CDATA[java.lang.AssertionError: Add button is not enabled in ActivityTracker
at org.testng.Assert.fail(Assert.java:111)
at com.botree.FieldActivity.ActivityTracker.clickAddButton1(ActivityTracker.java:276)
at com.botree.FieldActivity.ActivityTracker.enterActivityInput(ActivityTracker.java:291)
at com.botree.FieldActivityTest.ActivityTrackerTest.verifyUserAbleToDoActivityTrackerWithActiveAndTypeRadioButtonInPortalAndCheckWeatherItIsReflectingInApk_AT004(ActivityTrackerTest.java:225)
at java.base/jdk.internal.reflect.NativeMethodAccessorImpl.invoke0(Native Method)
at java.base/jdk.internal.reflect.NativeMethodAccessorImpl.invoke(NativeMethodAccessorImpl.java:62)
at java.base/jdk.internal.reflect.DelegatingMethodAccessorImpl.invoke(DelegatingMethodAccessorImpl.java:43)
at java.base/java.lang.reflect.Method.invoke(Method.java:566)
at org.testng.internal.invokers.MethodInvocationHelper.invokeMethod(MethodInvocationHelper.java:139)
at org.testng.internal.invokers.TestInvoker.invokeMethod(TestInvoker.java:664)
at org.testng.internal.invokers.TestInvoker.invokeTestMethod(TestInvoker.java:227)
at org.testng.internal.invokers.MethodRunner.runInSequence(MethodRunner.java:50)
at org.testng.internal.invokers.TestInvoker$MethodInvocationAgent.invoke(TestInvoker.java:957)
at org.testng.internal.invokers.TestInvoker.invokeTestMethods(TestInvoker.java:200)
at org.testng.internal.invokers.TestMethodWorker.invokeTestMethods(TestMethodWorker.java:148)
at org.testng.internal.invokers.TestMethodWorker.run(TestMethodWorker.java:128)
at java.base/java.util.ArrayList.forEach(ArrayList.java:1541)
at org.testng.TestRunner.privateRun(TestRunner.java:848)
at org.testng.TestRunner.run(TestRunner.java:621)
at org.testng.SuiteRunner.runTest(SuiteRunner.java:443)
at org.testng.SuiteRunner.runSequentially(SuiteRunner.java:437)
at org.testng.SuiteRunner.privateRun(SuiteRunner.java:397)
at org.testng.SuiteRunner.run(SuiteRunner.java:336)
at org.testng.SuiteRunnerWorker.runSuite(SuiteRunnerWorker.java:52)
at org.testng.SuiteRunnerWorker.run(SuiteRunnerWorker.java:95)
at org.testng.TestNG.runSuitesSequentially(TestNG.java:1280)
at org.testng.TestNG.runSuitesLocally(TestNG.java:1200)
at org.testng.TestNG.runSuites(TestNG.java:1114)
at org.testng.TestNG.run(TestNG.java:1082)
at org.testng.remote.AbstractRemoteTestNG.run(AbstractRemoteTestNG.java:115)
at org.testng.remote.RemoteTestNG.initAndRun(RemoteTestNG.java:251)
at org.testng.remote.RemoteTestNG.main(RemoteTestNG.java:77)
]]>
    </failure>
  </testcase> <!-- verifyUserAbleToDoActivityTrackerWithActiveAndTypeRadioButtonInPortalAndCheckWeatherItIsReflectingInApk_AT004 -->
</testsuite> <!-- com.botree.FieldActivityTest.ActivityTrackerTest -->
