<?xml version="1.0" encoding="UTF-8"?>
<testng-results ignored="0" total="9" passed="4" failed="5" skipped="0">
  <reporter-output>
  </reporter-output>
  <suite started-at="2025-04-02T20:00:55 IST" name="Suite" finished-at="2025-04-02T20:24:33 IST" duration-ms="1418532">
    <groups>
    </groups>
    <test started-at="2025-04-02T20:00:55 IST" name="Test suite1" finished-at="2025-04-02T20:24:33 IST" duration-ms="1418532">
      <class name="com.botree.MarchCR_Test.StockTakeOptionInOrderBookingTest">
        <test-method is-config="true" signature="setUpWebDriver()[pri:0, instance:com.botree.MarchCR_Test.StockTakeOptionInOrderBookingTest@74f6c5d8]" started-at="2025-04-02T20:03:33 IST" name="setUpWebDriver" finished-at="2025-04-02T20:03:47 IST" duration-ms="13964" status="PASS">
          <reporter-output>
          </reporter-output>
        </test-method> <!-- setUpWebDriver -->
        <test-method signature="userAbleToEnableStockTakeOptionInOrderBookingScreen(java.util.HashMap)[pri:1, instance:com.botree.MarchCR_Test.StockTakeOptionInOrderBookingTest@74f6c5d8]" started-at="2025-04-02T20:03:47 IST" name="userAbleToEnableStockTakeOptionInOrderBookingScreen" data-provider="BotreeUAT" finished-at="2025-04-02T20:04:08 IST" duration-ms="21103" status="PASS">
          <params>
            <param index="0">
              <value>
                <![CDATA[{Directpartyorsuperstockist=TestDistributor2, UserNameCompany=DemoSO, UserNameDsr=Demords1~SM001, PasswordMdsr=Admin@123, AppconfHeader=Application Configuration, PasswordS=$uperAdmin, headerStationMaster=Please Select Station Master, Quantity=4, headerMarketVisit=Market Visit, titleMarketVisit=Market Visit, UserNameS=SuperAdmin, distributor=TestDistributor1, UOM=PCS, quantitiy1=1, StockTakeQty=1, smtDistributor=MAHAMAYA ENTERPRISES, quantitiy2=5, headerFilter=Filter, salesman=Salesman1, UserNameMdsr=SM001, PasswordCompany=Admin@123, StockTakeUOM=PCS, PasswordDsr=1234}]]>
              </value>
            </param>
          </params>
          <reporter-output>
          </reporter-output>
        </test-method> <!-- userAbleToEnableStockTakeOptionInOrderBookingScreen -->
        <test-method is-config="true" signature="tearDownWebDriver()[pri:0, instance:com.botree.MarchCR_Test.StockTakeOptionInOrderBookingTest@74f6c5d8]" started-at="2025-04-02T20:04:08 IST" name="tearDownWebDriver" finished-at="2025-04-02T20:04:09 IST" duration-ms="862" status="PASS">
          <reporter-output>
          </reporter-output>
        </test-method> <!-- tearDownWebDriver -->
        <test-method is-config="true" signature="setUpWebDriver()[pri:0, instance:com.botree.MarchCR_Test.StockTakeOptionInOrderBookingTest@74f6c5d8]" started-at="2025-04-02T20:04:09 IST" name="setUpWebDriver" finished-at="2025-04-02T20:04:25 IST" duration-ms="15910" status="PASS">
          <reporter-output>
          </reporter-output>
        </test-method> <!-- setUpWebDriver -->
        <test-method signature="userAbleToVerifyBookOrderAlongWithStockTakeEnabledInDSR(java.util.HashMap)[pri:2, instance:com.botree.MarchCR_Test.StockTakeOptionInOrderBookingTest@74f6c5d8]" started-at="2025-04-02T20:04:25 IST" name="userAbleToVerifyBookOrderAlongWithStockTakeEnabledInDSR" data-provider="BotreeUAT" finished-at="2025-04-02T20:09:19 IST" duration-ms="293911" status="PASS">
          <params>
            <param index="0">
              <value>
                <![CDATA[{Directpartyorsuperstockist=TestDistributor2, UserNameCompany=DemoSO, UserNameDsr=Demords1~SM001, PasswordMdsr=Admin@123, AppconfHeader=Application Configuration, PasswordS=$uperAdmin, headerStationMaster=Please Select Station Master, Quantity=4, headerMarketVisit=Market Visit, titleMarketVisit=Market Visit, UserNameS=SuperAdmin, distributor=TestDistributor1, UOM=PCS, quantitiy1=1, StockTakeQty=1, smtDistributor=MAHAMAYA ENTERPRISES, quantitiy2=5, headerFilter=Filter, salesman=Salesman1, UserNameMdsr=SM001, PasswordCompany=Admin@123, StockTakeUOM=PCS, PasswordDsr=1234}]]>
              </value>
            </param>
          </params>
          <reporter-output>
          </reporter-output>
        </test-method> <!-- userAbleToVerifyBookOrderAlongWithStockTakeEnabledInDSR -->
        <test-method is-config="true" signature="tearDownWebDriver()[pri:0, instance:com.botree.MarchCR_Test.StockTakeOptionInOrderBookingTest@74f6c5d8]" started-at="2025-04-02T20:09:19 IST" name="tearDownWebDriver" finished-at="2025-04-02T20:09:19 IST" duration-ms="735" status="PASS">
          <reporter-output>
          </reporter-output>
        </test-method> <!-- tearDownWebDriver -->
        <test-method is-config="true" signature="setUpWebDriver()[pri:0, instance:com.botree.MarchCR_Test.StockTakeOptionInOrderBookingTest@74f6c5d8]" started-at="2025-04-02T20:09:19 IST" name="setUpWebDriver" finished-at="2025-04-02T20:09:34 IST" duration-ms="14386" status="PASS">
          <reporter-output>
          </reporter-output>
        </test-method> <!-- setUpWebDriver -->
        <test-method signature="verifyUserAbleToBookOrderAlongWithStockTakeEnabledInMDSR(java.util.HashMap)[pri:3, instance:com.botree.MarchCR_Test.StockTakeOptionInOrderBookingTest@74f6c5d8]" started-at="2025-04-02T20:09:34 IST" name="verifyUserAbleToBookOrderAlongWithStockTakeEnabledInMDSR" data-provider="BotreeUAT" finished-at="2025-04-02T20:11:42 IST" duration-ms="127774" status="FAIL">
          <params>
            <param index="0">
              <value>
                <![CDATA[{Directpartyorsuperstockist=TestDistributor2, UserNameCompany=DemoSO, UserNameDsr=Demords1~SM001, PasswordMdsr=Admin@123, AppconfHeader=Application Configuration, PasswordS=$uperAdmin, headerStationMaster=Please Select Station Master, Quantity=4, headerMarketVisit=Market Visit, titleMarketVisit=Market Visit, UserNameS=SuperAdmin, distributor=TestDistributor1, UOM=PCS, quantitiy1=1, StockTakeQty=1, smtDistributor=MAHAMAYA ENTERPRISES, quantitiy2=5, headerFilter=Filter, salesman=Salesman1, UserNameMdsr=SM001, PasswordCompany=Admin@123, StockTakeUOM=PCS, PasswordDsr=1234}]]>
              </value>
            </param>
          </params>
          <exception class="org.openqa.selenium.InvalidSelectorException">
            <message>
              <![CDATA[org.eclipse.wst.xml.xpath2.processor.XPathParserException: CUP parser error: Parser error: line 1 col 4: Visit
For documentation on this error, please visit: https://www.selenium.dev/documentation/webdriver/troubleshooting/errors#invalid-selector-exception
Build info: version: '4.13.0', revision: 'ba948ece5b*'
System info: os.name: 'Windows 10', os.arch: 'amd64', os.version: '10.0', java.version: '11.0.11'
Driver info: io.appium.java_client.android.AndroidDriver
Command: [d697b9ba-2294-41db-b3f9-4b8ab2003add, findElement {using=xpath, value=SS Visit}]
Capabilities {appium:adbExecTimeout: 20000, appium:app: C:\Users\balaji.vijayakumar..., appium:appPackage: com.botree.mobilitysfa.prep..., appium:automationName: UIAutomator2, appium:databaseEnabled: false, appium:desired: {adbExecTimeout: 20000, app: C:\Users\balaji.vijayakumar..., automationName: UIAutomator2, deviceName: 4c059a39, newCommandTimeout: 1800, platformName: ANDROID, systemPort: 8201, udid: 4c059a39}, appium:deviceApiLevel: 33, appium:deviceManufacturer: OnePlus, appium:deviceModel: CPH2487, appium:deviceName: 4c059a39, appium:deviceScreenDensity: 476, appium:deviceScreenSize: 1240x2772, appium:deviceUDID: 4c059a39, appium:javascriptEnabled: true, appium:locationContextEnabled: false, appium:networkConnectionEnabled: true, appium:newCommandTimeout: 1800, appium:pixelRatio: 2.9750001, appium:platformVersion: 13, appium:statBarHeight: 110, appium:systemPort: 8201, appium:takesScreenshot: true, appium:udid: 4c059a39, appium:viewportRect: {height: 2421, left: 0, top: 110, width: 1240}, appium:warnings: {}, appium:webStorageEnabled: false, platformName: ANDROID}
Session ID: d697b9ba-2294-41db-b3f9-4b8ab2003add]]>
            </message>
            <full-stacktrace>
              <![CDATA[org.openqa.selenium.InvalidSelectorException: org.eclipse.wst.xml.xpath2.processor.XPathParserException: CUP parser error: Parser error: line 1 col 4: Visit
For documentation on this error, please visit: https://www.selenium.dev/documentation/webdriver/troubleshooting/errors#invalid-selector-exception
Build info: version: '4.13.0', revision: 'ba948ece5b*'
System info: os.name: 'Windows 10', os.arch: 'amd64', os.version: '10.0', java.version: '11.0.11'
Driver info: io.appium.java_client.android.AndroidDriver
Command: [d697b9ba-2294-41db-b3f9-4b8ab2003add, findElement {using=xpath, value=SS Visit}]
Capabilities {appium:adbExecTimeout: 20000, appium:app: C:\Users\balaji.vijayakumar..., appium:appPackage: com.botree.mobilitysfa.prep..., appium:automationName: UIAutomator2, appium:databaseEnabled: false, appium:desired: {adbExecTimeout: 20000, app: C:\Users\balaji.vijayakumar..., automationName: UIAutomator2, deviceName: 4c059a39, newCommandTimeout: 1800, platformName: ANDROID, systemPort: 8201, udid: 4c059a39}, appium:deviceApiLevel: 33, appium:deviceManufacturer: OnePlus, appium:deviceModel: CPH2487, appium:deviceName: 4c059a39, appium:deviceScreenDensity: 476, appium:deviceScreenSize: 1240x2772, appium:deviceUDID: 4c059a39, appium:javascriptEnabled: true, appium:locationContextEnabled: false, appium:networkConnectionEnabled: true, appium:newCommandTimeout: 1800, appium:pixelRatio: 2.9750001, appium:platformVersion: 13, appium:statBarHeight: 110, appium:systemPort: 8201, appium:takesScreenshot: true, appium:udid: 4c059a39, appium:viewportRect: {height: 2421, left: 0, top: 110, width: 1240}, appium:warnings: {}, appium:webStorageEnabled: false, platformName: ANDROID}
Session ID: d697b9ba-2294-41db-b3f9-4b8ab2003add
at java.base/jdk.internal.reflect.NativeConstructorAccessorImpl.newInstance0(Native Method)
at java.base/jdk.internal.reflect.NativeConstructorAccessorImpl.newInstance(NativeConstructorAccessorImpl.java:62)
at java.base/jdk.internal.reflect.DelegatingConstructorAccessorImpl.newInstance(DelegatingConstructorAccessorImpl.java:45)
at java.base/java.lang.reflect.Constructor.newInstance(Constructor.java:490)
at org.openqa.selenium.remote.codec.w3c.W3CHttpResponseCodec.createException(W3CHttpResponseCodec.java:200)
at org.openqa.selenium.remote.codec.w3c.W3CHttpResponseCodec.decode(W3CHttpResponseCodec.java:133)
at org.openqa.selenium.remote.codec.w3c.W3CHttpResponseCodec.decode(W3CHttpResponseCodec.java:52)
at org.openqa.selenium.remote.HttpCommandExecutor.execute(HttpCommandExecutor.java:191)
at io.appium.java_client.remote.AppiumCommandExecutor.execute(AppiumCommandExecutor.java:262)
at org.openqa.selenium.remote.RemoteWebDriver.execute(RemoteWebDriver.java:602)
at org.openqa.selenium.remote.ElementLocation$ElementFinder$2.findElement(ElementLocation.java:165)
at org.openqa.selenium.remote.ElementLocation.findElement(ElementLocation.java:59)
at org.openqa.selenium.remote.RemoteWebDriver.findElement(RemoteWebDriver.java:359)
at org.openqa.selenium.remote.RemoteWebDriver.findElement(RemoteWebDriver.java:353)
at org.openqa.selenium.support.pagefactory.DefaultElementLocator.findElement(DefaultElementLocator.java:68)
at org.openqa.selenium.support.pagefactory.internal.LocatingElementHandler.invoke(LocatingElementHandler.java:38)
at com.sun.proxy.$Proxy24.toString(Unknown Source)
at java.base/java.lang.String.valueOf(String.java:2951)
at com.botree.utility.AndroidCommonUtility.clickElement(AndroidCommonUtility.java:184)
at com.botree.MarchCR.StockTakeOptionInOrderBooking.clickSSVisit(StockTakeOptionInOrderBooking.java:606)
at com.botree.MarchCR_Test.StockTakeOptionInOrderBookingTest.verifyUserAbleToBookOrderAlongWithStockTakeEnabledInMDSR(StockTakeOptionInOrderBookingTest.java:93)
at java.base/jdk.internal.reflect.NativeMethodAccessorImpl.invoke0(Native Method)
at java.base/jdk.internal.reflect.NativeMethodAccessorImpl.invoke(NativeMethodAccessorImpl.java:62)
at java.base/jdk.internal.reflect.DelegatingMethodAccessorImpl.invoke(DelegatingMethodAccessorImpl.java:43)
at java.base/java.lang.reflect.Method.invoke(Method.java:566)
at org.testng.internal.invokers.MethodInvocationHelper.invokeMethod(MethodInvocationHelper.java:141)
at org.testng.internal.invokers.TestInvoker.invokeMethod(TestInvoker.java:687)
at org.testng.internal.invokers.TestInvoker.invokeTestMethod(TestInvoker.java:230)
at org.testng.internal.invokers.MethodRunner.runInSequence(MethodRunner.java:63)
at org.testng.internal.invokers.TestInvoker$MethodInvocationAgent.invoke(TestInvoker.java:995)
at org.testng.internal.invokers.TestInvoker.invokeTestMethods(TestInvoker.java:203)
at org.testng.internal.invokers.TestMethodWorker.invokeTestMethods(TestMethodWorker.java:154)
at org.testng.internal.invokers.TestMethodWorker.run(TestMethodWorker.java:134)
at java.base/java.util.ArrayList.forEach(ArrayList.java:1541)
at org.testng.TestRunner.privateRun(TestRunner.java:741)
at org.testng.TestRunner.run(TestRunner.java:616)
at org.testng.SuiteRunner.runTest(SuiteRunner.java:421)
at org.testng.SuiteRunner.runSequentially(SuiteRunner.java:413)
at org.testng.SuiteRunner.privateRun(SuiteRunner.java:373)
at org.testng.SuiteRunner.run(SuiteRunner.java:312)
at org.testng.SuiteRunnerWorker.runSuite(SuiteRunnerWorker.java:52)
at org.testng.SuiteRunnerWorker.run(SuiteRunnerWorker.java:95)
at org.testng.TestNG.runSuitesSequentially(TestNG.java:1274)
at org.testng.TestNG.runSuitesLocally(TestNG.java:1208)
at org.testng.TestNG.runSuites(TestNG.java:1112)
at org.testng.TestNG.run(TestNG.java:1079)
at org.testng.remote.AbstractRemoteTestNG.run(AbstractRemoteTestNG.java:115)
at org.testng.remote.RemoteTestNG.initAndRun(RemoteTestNG.java:293)
at org.testng.remote.RemoteTestNG.main(RemoteTestNG.java:91)
]]>
            </full-stacktrace>
          </exception> <!-- org.openqa.selenium.InvalidSelectorException -->
          <reporter-output>
          </reporter-output>
        </test-method> <!-- verifyUserAbleToBookOrderAlongWithStockTakeEnabledInMDSR -->
        <test-method is-config="true" signature="tearDownWebDriver()[pri:0, instance:com.botree.MarchCR_Test.StockTakeOptionInOrderBookingTest@74f6c5d8]" started-at="2025-04-02T20:11:44 IST" name="tearDownWebDriver" finished-at="2025-04-02T20:11:44 IST" duration-ms="824" status="PASS">
          <reporter-output>
          </reporter-output>
        </test-method> <!-- tearDownWebDriver -->
        <test-method is-config="true" signature="setUpWebDriver()[pri:0, instance:com.botree.MarchCR_Test.StockTakeOptionInOrderBookingTest@74f6c5d8]" started-at="2025-04-02T20:11:45 IST" name="setUpWebDriver" finished-at="2025-04-02T20:11:59 IST" duration-ms="14064" status="PASS">
          <reporter-output>
          </reporter-output>
        </test-method> <!-- setUpWebDriver -->
        <test-method signature="userAbleToDoOrderBookingAlongWithStockTakeEnabledInCompanyUser(java.util.HashMap)[pri:4, instance:com.botree.MarchCR_Test.StockTakeOptionInOrderBookingTest@74f6c5d8]" started-at="2025-04-02T20:11:59 IST" name="userAbleToDoOrderBookingAlongWithStockTakeEnabledInCompanyUser" data-provider="BotreeUAT" finished-at="2025-04-02T20:14:36 IST" duration-ms="157385" status="FAIL">
          <params>
            <param index="0">
              <value>
                <![CDATA[{Directpartyorsuperstockist=TestDistributor2, UserNameCompany=DemoSO, UserNameDsr=Demords1~SM001, PasswordMdsr=Admin@123, AppconfHeader=Application Configuration, PasswordS=$uperAdmin, headerStationMaster=Please Select Station Master, Quantity=4, headerMarketVisit=Market Visit, titleMarketVisit=Market Visit, UserNameS=SuperAdmin, distributor=TestDistributor1, UOM=PCS, quantitiy1=1, StockTakeQty=1, smtDistributor=MAHAMAYA ENTERPRISES, quantitiy2=5, headerFilter=Filter, salesman=Salesman1, UserNameMdsr=SM001, PasswordCompany=Admin@123, StockTakeUOM=PCS, PasswordDsr=1234}]]>
              </value>
            </param>
          </params>
          <exception class="java.lang.IndexOutOfBoundsException">
            <message>
              <![CDATA[Index 0 out of bounds for length 0]]>
            </message>
            <full-stacktrace>
              <![CDATA[java.lang.IndexOutOfBoundsException: Index 0 out of bounds for length 0
at java.base/jdk.internal.util.Preconditions.outOfBounds(Preconditions.java:64)
at java.base/jdk.internal.util.Preconditions.outOfBoundsCheckIndex(Preconditions.java:70)
at java.base/jdk.internal.util.Preconditions.checkIndex(Preconditions.java:248)
at java.base/java.util.Objects.checkIndex(Objects.java:372)
at java.base/java.util.ArrayList.get(ArrayList.java:459)
at java.base/jdk.internal.reflect.GeneratedMethodAccessor3.invoke(Unknown Source)
at java.base/jdk.internal.reflect.DelegatingMethodAccessorImpl.invoke(DelegatingMethodAccessorImpl.java:43)
at java.base/java.lang.reflect.Method.invoke(Method.java:566)
at org.openqa.selenium.support.pagefactory.internal.LocatingElementListHandler.invoke(LocatingElementListHandler.java:39)
at com.sun.proxy.$Proxy25.get(Unknown Source)
at com.botree.MarchCR.StockTakeOptionInOrderBooking.verifyRetailerisDisplayed1(StockTakeOptionInOrderBooking.java:1119)
at com.botree.MarchCR_Test.StockTakeOptionInOrderBookingTest.userAbleToDoOrderBookingAlongWithStockTakeEnabledInCompanyUser(StockTakeOptionInOrderBookingTest.java:162)
at java.base/jdk.internal.reflect.NativeMethodAccessorImpl.invoke0(Native Method)
at java.base/jdk.internal.reflect.NativeMethodAccessorImpl.invoke(NativeMethodAccessorImpl.java:62)
at java.base/jdk.internal.reflect.DelegatingMethodAccessorImpl.invoke(DelegatingMethodAccessorImpl.java:43)
at java.base/java.lang.reflect.Method.invoke(Method.java:566)
at org.testng.internal.invokers.MethodInvocationHelper.invokeMethod(MethodInvocationHelper.java:141)
at org.testng.internal.invokers.TestInvoker.invokeMethod(TestInvoker.java:687)
at org.testng.internal.invokers.TestInvoker.invokeTestMethod(TestInvoker.java:230)
at org.testng.internal.invokers.MethodRunner.runInSequence(MethodRunner.java:63)
at org.testng.internal.invokers.TestInvoker$MethodInvocationAgent.invoke(TestInvoker.java:995)
at org.testng.internal.invokers.TestInvoker.invokeTestMethods(TestInvoker.java:203)
at org.testng.internal.invokers.TestMethodWorker.invokeTestMethods(TestMethodWorker.java:154)
at org.testng.internal.invokers.TestMethodWorker.run(TestMethodWorker.java:134)
at java.base/java.util.ArrayList.forEach(ArrayList.java:1541)
at org.testng.TestRunner.privateRun(TestRunner.java:741)
at org.testng.TestRunner.run(TestRunner.java:616)
at org.testng.SuiteRunner.runTest(SuiteRunner.java:421)
at org.testng.SuiteRunner.runSequentially(SuiteRunner.java:413)
at org.testng.SuiteRunner.privateRun(SuiteRunner.java:373)
at org.testng.SuiteRunner.run(SuiteRunner.java:312)
at org.testng.SuiteRunnerWorker.runSuite(SuiteRunnerWorker.java:52)
at org.testng.SuiteRunnerWorker.run(SuiteRunnerWorker.java:95)
at org.testng.TestNG.runSuitesSequentially(TestNG.java:1274)
at org.testng.TestNG.runSuitesLocally(TestNG.java:1208)
at org.testng.TestNG.runSuites(TestNG.java:1112)
at org.testng.TestNG.run(TestNG.java:1079)
at org.testng.remote.AbstractRemoteTestNG.run(AbstractRemoteTestNG.java:115)
at org.testng.remote.RemoteTestNG.initAndRun(RemoteTestNG.java:293)
at org.testng.remote.RemoteTestNG.main(RemoteTestNG.java:91)
]]>
            </full-stacktrace>
          </exception> <!-- java.lang.IndexOutOfBoundsException -->
          <reporter-output>
          </reporter-output>
        </test-method> <!-- userAbleToDoOrderBookingAlongWithStockTakeEnabledInCompanyUser -->
        <test-method is-config="true" signature="tearDownWebDriver()[pri:0, instance:com.botree.MarchCR_Test.StockTakeOptionInOrderBookingTest@74f6c5d8]" started-at="2025-04-02T20:14:39 IST" name="tearDownWebDriver" finished-at="2025-04-02T20:14:40 IST" duration-ms="713" status="PASS">
          <reporter-output>
          </reporter-output>
        </test-method> <!-- tearDownWebDriver -->
        <test-method is-config="true" signature="setUpWebDriver()[pri:0, instance:com.botree.MarchCR_Test.StockTakeOptionInOrderBookingTest@74f6c5d8]" started-at="2025-04-02T20:14:40 IST" name="setUpWebDriver" finished-at="2025-04-02T20:14:55 IST" duration-ms="14805" status="PASS">
          <reporter-output>
          </reporter-output>
        </test-method> <!-- setUpWebDriver -->
        <test-method signature="userAbleToDisableStockTakeOptionInOrderBookingScreen(java.util.HashMap)[pri:5, instance:com.botree.MarchCR_Test.StockTakeOptionInOrderBookingTest@74f6c5d8]" started-at="2025-04-02T20:14:55 IST" name="userAbleToDisableStockTakeOptionInOrderBookingScreen" data-provider="BotreeUAT" finished-at="2025-04-02T20:15:15 IST" duration-ms="20544" status="PASS">
          <params>
            <param index="0">
              <value>
                <![CDATA[{Directpartyorsuperstockist=TestDistributor2, UserNameCompany=DemoSO, UserNameDsr=Demords1~SM001, PasswordMdsr=Admin@123, AppconfHeader=Application Configuration, PasswordS=$uperAdmin, headerStationMaster=Please Select Station Master, Quantity=4, headerMarketVisit=Market Visit, titleMarketVisit=Market Visit, UserNameS=SuperAdmin, distributor=TestDistributor1, UOM=PCS, quantitiy1=1, StockTakeQty=1, smtDistributor=MAHAMAYA ENTERPRISES, quantitiy2=5, headerFilter=Filter, salesman=Salesman1, UserNameMdsr=SM001, PasswordCompany=Admin@123, StockTakeUOM=PCS, PasswordDsr=1234}]]>
              </value>
            </param>
          </params>
          <reporter-output>
          </reporter-output>
        </test-method> <!-- userAbleToDisableStockTakeOptionInOrderBookingScreen -->
        <test-method is-config="true" signature="tearDownWebDriver()[pri:0, instance:com.botree.MarchCR_Test.StockTakeOptionInOrderBookingTest@74f6c5d8]" started-at="2025-04-02T20:15:15 IST" name="tearDownWebDriver" finished-at="2025-04-02T20:15:16 IST" duration-ms="714" status="PASS">
          <reporter-output>
          </reporter-output>
        </test-method> <!-- tearDownWebDriver -->
        <test-method is-config="true" signature="setUpWebDriver()[pri:0, instance:com.botree.MarchCR_Test.StockTakeOptionInOrderBookingTest@74f6c5d8]" started-at="2025-04-02T20:15:16 IST" name="setUpWebDriver" finished-at="2025-04-02T20:15:29 IST" duration-ms="13463" status="PASS">
          <reporter-output>
          </reporter-output>
        </test-method> <!-- setUpWebDriver -->
        <test-method signature="userAbleToVerifyBookOrderAlongWithStockTakeDisableInDSR(java.util.HashMap)[pri:6, instance:com.botree.MarchCR_Test.StockTakeOptionInOrderBookingTest@74f6c5d8]" started-at="2025-04-02T20:15:29 IST" name="userAbleToVerifyBookOrderAlongWithStockTakeDisableInDSR" data-provider="BotreeUAT" finished-at="2025-04-02T20:20:43 IST" duration-ms="313195" status="FAIL">
          <params>
            <param index="0">
              <value>
                <![CDATA[{Directpartyorsuperstockist=TestDistributor2, UserNameCompany=DemoSO, UserNameDsr=Demords1~SM001, PasswordMdsr=Admin@123, AppconfHeader=Application Configuration, PasswordS=$uperAdmin, headerStationMaster=Please Select Station Master, Quantity=4, headerMarketVisit=Market Visit, titleMarketVisit=Market Visit, UserNameS=SuperAdmin, distributor=TestDistributor1, UOM=PCS, quantitiy1=1, StockTakeQty=1, smtDistributor=MAHAMAYA ENTERPRISES, quantitiy2=5, headerFilter=Filter, salesman=Salesman1, UserNameMdsr=SM001, PasswordCompany=Admin@123, StockTakeUOM=PCS, PasswordDsr=1234}]]>
              </value>
            </param>
          </params>
          <exception class="java.lang.AssertionError">
            <message>
              <![CDATA[expected [false] but found [true]]]>
            </message>
            <full-stacktrace>
              <![CDATA[java.lang.AssertionError: expected [false] but found [true]
at org.testng.Assert.fail(Assert.java:111)
at org.testng.Assert.failNotEquals(Assert.java:1590)
at org.testng.Assert.assertFalse(Assert.java:79)
at org.testng.Assert.assertFalse(Assert.java:89)
at com.botree.MarchCR.StockTakeOptionInOrderBooking.verifyStockTakeTextBoxIsDisabled(StockTakeOptionInOrderBooking.java:469)
at com.botree.MarchCR_Test.StockTakeOptionInOrderBookingTest.userAbleToVerifyBookOrderAlongWithStockTakeDisableInDSR(StockTakeOptionInOrderBookingTest.java:229)
at java.base/jdk.internal.reflect.NativeMethodAccessorImpl.invoke0(Native Method)
at java.base/jdk.internal.reflect.NativeMethodAccessorImpl.invoke(NativeMethodAccessorImpl.java:62)
at java.base/jdk.internal.reflect.DelegatingMethodAccessorImpl.invoke(DelegatingMethodAccessorImpl.java:43)
at java.base/java.lang.reflect.Method.invoke(Method.java:566)
at org.testng.internal.invokers.MethodInvocationHelper.invokeMethod(MethodInvocationHelper.java:141)
at org.testng.internal.invokers.TestInvoker.invokeMethod(TestInvoker.java:687)
at org.testng.internal.invokers.TestInvoker.invokeTestMethod(TestInvoker.java:230)
at org.testng.internal.invokers.MethodRunner.runInSequence(MethodRunner.java:63)
at org.testng.internal.invokers.TestInvoker$MethodInvocationAgent.invoke(TestInvoker.java:995)
at org.testng.internal.invokers.TestInvoker.invokeTestMethods(TestInvoker.java:203)
at org.testng.internal.invokers.TestMethodWorker.invokeTestMethods(TestMethodWorker.java:154)
at org.testng.internal.invokers.TestMethodWorker.run(TestMethodWorker.java:134)
at java.base/java.util.ArrayList.forEach(ArrayList.java:1541)
at org.testng.TestRunner.privateRun(TestRunner.java:741)
at org.testng.TestRunner.run(TestRunner.java:616)
at org.testng.SuiteRunner.runTest(SuiteRunner.java:421)
at org.testng.SuiteRunner.runSequentially(SuiteRunner.java:413)
at org.testng.SuiteRunner.privateRun(SuiteRunner.java:373)
at org.testng.SuiteRunner.run(SuiteRunner.java:312)
at org.testng.SuiteRunnerWorker.runSuite(SuiteRunnerWorker.java:52)
at org.testng.SuiteRunnerWorker.run(SuiteRunnerWorker.java:95)
at org.testng.TestNG.runSuitesSequentially(TestNG.java:1274)
at org.testng.TestNG.runSuitesLocally(TestNG.java:1208)
at org.testng.TestNG.runSuites(TestNG.java:1112)
at org.testng.TestNG.run(TestNG.java:1079)
at org.testng.remote.AbstractRemoteTestNG.run(AbstractRemoteTestNG.java:115)
at org.testng.remote.RemoteTestNG.initAndRun(RemoteTestNG.java:293)
at org.testng.remote.RemoteTestNG.main(RemoteTestNG.java:91)
]]>
            </full-stacktrace>
          </exception> <!-- java.lang.AssertionError -->
          <reporter-output>
          </reporter-output>
        </test-method> <!-- userAbleToVerifyBookOrderAlongWithStockTakeDisableInDSR -->
        <test-method is-config="true" signature="tearDownWebDriver()[pri:0, instance:com.botree.MarchCR_Test.StockTakeOptionInOrderBookingTest@74f6c5d8]" started-at="2025-04-02T20:20:45 IST" name="tearDownWebDriver" finished-at="2025-04-02T20:20:45 IST" duration-ms="730" status="PASS">
          <reporter-output>
          </reporter-output>
        </test-method> <!-- tearDownWebDriver -->
        <test-method is-config="true" signature="setUpWebDriver()[pri:0, instance:com.botree.MarchCR_Test.StockTakeOptionInOrderBookingTest@74f6c5d8]" started-at="2025-04-02T20:20:45 IST" name="setUpWebDriver" finished-at="2025-04-02T20:21:01 IST" duration-ms="15900" status="PASS">
          <reporter-output>
          </reporter-output>
        </test-method> <!-- setUpWebDriver -->
        <test-method signature="verifyUserAbleToBookOrderAlongWithStockTakeDisableInMDSR(java.util.HashMap)[pri:7, instance:com.botree.MarchCR_Test.StockTakeOptionInOrderBookingTest@74f6c5d8]" started-at="2025-04-02T20:21:01 IST" name="verifyUserAbleToBookOrderAlongWithStockTakeDisableInMDSR" data-provider="BotreeUAT" finished-at="2025-04-02T20:23:00 IST" duration-ms="119122" status="FAIL">
          <params>
            <param index="0">
              <value>
                <![CDATA[{Directpartyorsuperstockist=TestDistributor2, UserNameCompany=DemoSO, UserNameDsr=Demords1~SM001, PasswordMdsr=Admin@123, AppconfHeader=Application Configuration, PasswordS=$uperAdmin, headerStationMaster=Please Select Station Master, Quantity=4, headerMarketVisit=Market Visit, titleMarketVisit=Market Visit, UserNameS=SuperAdmin, distributor=TestDistributor1, UOM=PCS, quantitiy1=1, StockTakeQty=1, smtDistributor=MAHAMAYA ENTERPRISES, quantitiy2=5, headerFilter=Filter, salesman=Salesman1, UserNameMdsr=SM001, PasswordCompany=Admin@123, StockTakeUOM=PCS, PasswordDsr=1234}]]>
              </value>
            </param>
          </params>
          <exception class="org.openqa.selenium.InvalidSelectorException">
            <message>
              <![CDATA[org.eclipse.wst.xml.xpath2.processor.XPathParserException: CUP parser error: Parser error: line 1 col 4: Visit
For documentation on this error, please visit: https://www.selenium.dev/documentation/webdriver/troubleshooting/errors#invalid-selector-exception
Build info: version: '4.13.0', revision: 'ba948ece5b*'
System info: os.name: 'Windows 10', os.arch: 'amd64', os.version: '10.0', java.version: '11.0.11'
Driver info: io.appium.java_client.android.AndroidDriver
Command: [d697b9ba-2294-41db-b3f9-4b8ab2003add, findElement {using=xpath, value=SS Visit}]
Capabilities {appium:adbExecTimeout: 20000, appium:app: C:\Users\balaji.vijayakumar..., appium:appPackage: com.botree.mobilitysfa.prep..., appium:automationName: UIAutomator2, appium:databaseEnabled: false, appium:desired: {adbExecTimeout: 20000, app: C:\Users\balaji.vijayakumar..., automationName: UIAutomator2, deviceName: 4c059a39, newCommandTimeout: 1800, platformName: ANDROID, systemPort: 8201, udid: 4c059a39}, appium:deviceApiLevel: 33, appium:deviceManufacturer: OnePlus, appium:deviceModel: CPH2487, appium:deviceName: 4c059a39, appium:deviceScreenDensity: 476, appium:deviceScreenSize: 1240x2772, appium:deviceUDID: 4c059a39, appium:javascriptEnabled: true, appium:locationContextEnabled: false, appium:networkConnectionEnabled: true, appium:newCommandTimeout: 1800, appium:pixelRatio: 2.9750001, appium:platformVersion: 13, appium:statBarHeight: 110, appium:systemPort: 8201, appium:takesScreenshot: true, appium:udid: 4c059a39, appium:viewportRect: {height: 2421, left: 0, top: 110, width: 1240}, appium:warnings: {}, appium:webStorageEnabled: false, platformName: ANDROID}
Session ID: d697b9ba-2294-41db-b3f9-4b8ab2003add]]>
            </message>
            <full-stacktrace>
              <![CDATA[org.openqa.selenium.InvalidSelectorException: org.eclipse.wst.xml.xpath2.processor.XPathParserException: CUP parser error: Parser error: line 1 col 4: Visit
For documentation on this error, please visit: https://www.selenium.dev/documentation/webdriver/troubleshooting/errors#invalid-selector-exception
Build info: version: '4.13.0', revision: 'ba948ece5b*'
System info: os.name: 'Windows 10', os.arch: 'amd64', os.version: '10.0', java.version: '11.0.11'
Driver info: io.appium.java_client.android.AndroidDriver
Command: [d697b9ba-2294-41db-b3f9-4b8ab2003add, findElement {using=xpath, value=SS Visit}]
Capabilities {appium:adbExecTimeout: 20000, appium:app: C:\Users\balaji.vijayakumar..., appium:appPackage: com.botree.mobilitysfa.prep..., appium:automationName: UIAutomator2, appium:databaseEnabled: false, appium:desired: {adbExecTimeout: 20000, app: C:\Users\balaji.vijayakumar..., automationName: UIAutomator2, deviceName: 4c059a39, newCommandTimeout: 1800, platformName: ANDROID, systemPort: 8201, udid: 4c059a39}, appium:deviceApiLevel: 33, appium:deviceManufacturer: OnePlus, appium:deviceModel: CPH2487, appium:deviceName: 4c059a39, appium:deviceScreenDensity: 476, appium:deviceScreenSize: 1240x2772, appium:deviceUDID: 4c059a39, appium:javascriptEnabled: true, appium:locationContextEnabled: false, appium:networkConnectionEnabled: true, appium:newCommandTimeout: 1800, appium:pixelRatio: 2.9750001, appium:platformVersion: 13, appium:statBarHeight: 110, appium:systemPort: 8201, appium:takesScreenshot: true, appium:udid: 4c059a39, appium:viewportRect: {height: 2421, left: 0, top: 110, width: 1240}, appium:warnings: {}, appium:webStorageEnabled: false, platformName: ANDROID}
Session ID: d697b9ba-2294-41db-b3f9-4b8ab2003add
at java.base/jdk.internal.reflect.NativeConstructorAccessorImpl.newInstance0(Native Method)
at java.base/jdk.internal.reflect.NativeConstructorAccessorImpl.newInstance(NativeConstructorAccessorImpl.java:62)
at java.base/jdk.internal.reflect.DelegatingConstructorAccessorImpl.newInstance(DelegatingConstructorAccessorImpl.java:45)
at java.base/java.lang.reflect.Constructor.newInstance(Constructor.java:490)
at org.openqa.selenium.remote.codec.w3c.W3CHttpResponseCodec.createException(W3CHttpResponseCodec.java:200)
at org.openqa.selenium.remote.codec.w3c.W3CHttpResponseCodec.decode(W3CHttpResponseCodec.java:133)
at org.openqa.selenium.remote.codec.w3c.W3CHttpResponseCodec.decode(W3CHttpResponseCodec.java:52)
at org.openqa.selenium.remote.HttpCommandExecutor.execute(HttpCommandExecutor.java:191)
at io.appium.java_client.remote.AppiumCommandExecutor.execute(AppiumCommandExecutor.java:262)
at org.openqa.selenium.remote.RemoteWebDriver.execute(RemoteWebDriver.java:602)
at org.openqa.selenium.remote.ElementLocation$ElementFinder$2.findElement(ElementLocation.java:165)
at org.openqa.selenium.remote.ElementLocation.findElement(ElementLocation.java:59)
at org.openqa.selenium.remote.RemoteWebDriver.findElement(RemoteWebDriver.java:359)
at org.openqa.selenium.remote.RemoteWebDriver.findElement(RemoteWebDriver.java:353)
at org.openqa.selenium.support.pagefactory.DefaultElementLocator.findElement(DefaultElementLocator.java:68)
at org.openqa.selenium.support.pagefactory.internal.LocatingElementHandler.invoke(LocatingElementHandler.java:38)
at com.sun.proxy.$Proxy24.toString(Unknown Source)
at java.base/java.lang.String.valueOf(String.java:2951)
at com.botree.utility.AndroidCommonUtility.clickElement(AndroidCommonUtility.java:184)
at com.botree.MarchCR.StockTakeOptionInOrderBooking.clickSSVisit(StockTakeOptionInOrderBooking.java:606)
at com.botree.MarchCR_Test.StockTakeOptionInOrderBookingTest.verifyUserAbleToBookOrderAlongWithStockTakeDisableInMDSR(StockTakeOptionInOrderBookingTest.java:253)
at java.base/jdk.internal.reflect.NativeMethodAccessorImpl.invoke0(Native Method)
at java.base/jdk.internal.reflect.NativeMethodAccessorImpl.invoke(NativeMethodAccessorImpl.java:62)
at java.base/jdk.internal.reflect.DelegatingMethodAccessorImpl.invoke(DelegatingMethodAccessorImpl.java:43)
at java.base/java.lang.reflect.Method.invoke(Method.java:566)
at org.testng.internal.invokers.MethodInvocationHelper.invokeMethod(MethodInvocationHelper.java:141)
at org.testng.internal.invokers.TestInvoker.invokeMethod(TestInvoker.java:687)
at org.testng.internal.invokers.TestInvoker.invokeTestMethod(TestInvoker.java:230)
at org.testng.internal.invokers.MethodRunner.runInSequence(MethodRunner.java:63)
at org.testng.internal.invokers.TestInvoker$MethodInvocationAgent.invoke(TestInvoker.java:995)
at org.testng.internal.invokers.TestInvoker.invokeTestMethods(TestInvoker.java:203)
at org.testng.internal.invokers.TestMethodWorker.invokeTestMethods(TestMethodWorker.java:154)
at org.testng.internal.invokers.TestMethodWorker.run(TestMethodWorker.java:134)
at java.base/java.util.ArrayList.forEach(ArrayList.java:1541)
at org.testng.TestRunner.privateRun(TestRunner.java:741)
at org.testng.TestRunner.run(TestRunner.java:616)
at org.testng.SuiteRunner.runTest(SuiteRunner.java:421)
at org.testng.SuiteRunner.runSequentially(SuiteRunner.java:413)
at org.testng.SuiteRunner.privateRun(SuiteRunner.java:373)
at org.testng.SuiteRunner.run(SuiteRunner.java:312)
at org.testng.SuiteRunnerWorker.runSuite(SuiteRunnerWorker.java:52)
at org.testng.SuiteRunnerWorker.run(SuiteRunnerWorker.java:95)
at org.testng.TestNG.runSuitesSequentially(TestNG.java:1274)
at org.testng.TestNG.runSuitesLocally(TestNG.java:1208)
at org.testng.TestNG.runSuites(TestNG.java:1112)
at org.testng.TestNG.run(TestNG.java:1079)
at org.testng.remote.AbstractRemoteTestNG.run(AbstractRemoteTestNG.java:115)
at org.testng.remote.RemoteTestNG.initAndRun(RemoteTestNG.java:293)
at org.testng.remote.RemoteTestNG.main(RemoteTestNG.java:91)
]]>
            </full-stacktrace>
          </exception> <!-- org.openqa.selenium.InvalidSelectorException -->
          <reporter-output>
          </reporter-output>
        </test-method> <!-- verifyUserAbleToBookOrderAlongWithStockTakeDisableInMDSR -->
        <test-method is-config="true" signature="tearDownWebDriver()[pri:0, instance:com.botree.MarchCR_Test.StockTakeOptionInOrderBookingTest@74f6c5d8]" started-at="2025-04-02T20:23:02 IST" name="tearDownWebDriver" finished-at="2025-04-02T20:23:03 IST" duration-ms="714" status="PASS">
          <reporter-output>
          </reporter-output>
        </test-method> <!-- tearDownWebDriver -->
        <test-method is-config="true" signature="setUpWebDriver()[pri:0, instance:com.botree.MarchCR_Test.StockTakeOptionInOrderBookingTest@74f6c5d8]" started-at="2025-04-02T20:23:03 IST" name="setUpWebDriver" finished-at="2025-04-02T20:23:17 IST" duration-ms="14339" status="PASS">
          <reporter-output>
          </reporter-output>
        </test-method> <!-- setUpWebDriver -->
        <test-method signature="userAbleToDoOrderBookingAlongWithStockTakeDisableInCompanyUser(java.util.HashMap)[pri:8, instance:com.botree.MarchCR_Test.StockTakeOptionInOrderBookingTest@74f6c5d8]" started-at="2025-04-02T20:23:17 IST" name="userAbleToDoOrderBookingAlongWithStockTakeDisableInCompanyUser" data-provider="BotreeUAT" finished-at="2025-04-02T20:24:31 IST" duration-ms="73319" status="FAIL">
          <params>
            <param index="0">
              <value>
                <![CDATA[{Directpartyorsuperstockist=TestDistributor2, UserNameCompany=DemoSO, UserNameDsr=Demords1~SM001, PasswordMdsr=Admin@123, AppconfHeader=Application Configuration, PasswordS=$uperAdmin, headerStationMaster=Please Select Station Master, Quantity=4, headerMarketVisit=Market Visit, titleMarketVisit=Market Visit, UserNameS=SuperAdmin, distributor=TestDistributor1, UOM=PCS, quantitiy1=1, StockTakeQty=1, smtDistributor=MAHAMAYA ENTERPRISES, quantitiy2=5, headerFilter=Filter, salesman=Salesman1, UserNameMdsr=SM001, PasswordCompany=Admin@123, StockTakeUOM=PCS, PasswordDsr=1234}]]>
              </value>
            </param>
          </params>
          <exception class="java.lang.Exception">
            <message>
              <![CDATA[Sendkeys not performed. [[AndroidDriver:  on ANDROID (d697b9ba-2294-41db-b3f9-4b8ab2003add)] -> id: com.botree.mobilitysfa.preprodstage:id/password_edt]]]>
            </message>
            <full-stacktrace>
              <![CDATA[java.lang.Exception: Sendkeys not performed. [[AndroidDriver:  on ANDROID (d697b9ba-2294-41db-b3f9-4b8ab2003add)] -> id: com.botree.mobilitysfa.preprodstage:id/password_edt]
at com.botree.utility.AndroidCommonUtility.sendKeys(AndroidCommonUtility.java:174)
at com.botree.SSFA.InitialLoginPage.setActivity(InitialLoginPage.java:142)
at com.botree.MarchCR_Test.StockTakeOptionInOrderBookingTest.userAbleToDoOrderBookingAlongWithStockTakeDisableInCompanyUser(StockTakeOptionInOrderBookingTest.java:303)
at java.base/jdk.internal.reflect.NativeMethodAccessorImpl.invoke0(Native Method)
at java.base/jdk.internal.reflect.NativeMethodAccessorImpl.invoke(NativeMethodAccessorImpl.java:62)
at java.base/jdk.internal.reflect.DelegatingMethodAccessorImpl.invoke(DelegatingMethodAccessorImpl.java:43)
at java.base/java.lang.reflect.Method.invoke(Method.java:566)
at org.testng.internal.invokers.MethodInvocationHelper.invokeMethod(MethodInvocationHelper.java:141)
at org.testng.internal.invokers.TestInvoker.invokeMethod(TestInvoker.java:687)
at org.testng.internal.invokers.TestInvoker.invokeTestMethod(TestInvoker.java:230)
at org.testng.internal.invokers.MethodRunner.runInSequence(MethodRunner.java:63)
at org.testng.internal.invokers.TestInvoker$MethodInvocationAgent.invoke(TestInvoker.java:995)
at org.testng.internal.invokers.TestInvoker.invokeTestMethods(TestInvoker.java:203)
at org.testng.internal.invokers.TestMethodWorker.invokeTestMethods(TestMethodWorker.java:154)
at org.testng.internal.invokers.TestMethodWorker.run(TestMethodWorker.java:134)
at java.base/java.util.ArrayList.forEach(ArrayList.java:1541)
at org.testng.TestRunner.privateRun(TestRunner.java:741)
at org.testng.TestRunner.run(TestRunner.java:616)
at org.testng.SuiteRunner.runTest(SuiteRunner.java:421)
at org.testng.SuiteRunner.runSequentially(SuiteRunner.java:413)
at org.testng.SuiteRunner.privateRun(SuiteRunner.java:373)
at org.testng.SuiteRunner.run(SuiteRunner.java:312)
at org.testng.SuiteRunnerWorker.runSuite(SuiteRunnerWorker.java:52)
at org.testng.SuiteRunnerWorker.run(SuiteRunnerWorker.java:95)
at org.testng.TestNG.runSuitesSequentially(TestNG.java:1274)
at org.testng.TestNG.runSuitesLocally(TestNG.java:1208)
at org.testng.TestNG.runSuites(TestNG.java:1112)
at org.testng.TestNG.run(TestNG.java:1079)
at org.testng.remote.AbstractRemoteTestNG.run(AbstractRemoteTestNG.java:115)
at org.testng.remote.RemoteTestNG.initAndRun(RemoteTestNG.java:293)
at org.testng.remote.RemoteTestNG.main(RemoteTestNG.java:91)
]]>
            </full-stacktrace>
          </exception> <!-- java.lang.Exception -->
          <reporter-output>
          </reporter-output>
        </test-method> <!-- userAbleToDoOrderBookingAlongWithStockTakeDisableInCompanyUser -->
        <test-method is-config="true" signature="tearDownWebDriver()[pri:0, instance:com.botree.MarchCR_Test.StockTakeOptionInOrderBookingTest@74f6c5d8]" started-at="2025-04-02T20:24:32 IST" name="tearDownWebDriver" finished-at="2025-04-02T20:24:33 IST" duration-ms="716" status="PASS">
          <reporter-output>
          </reporter-output>
        </test-method> <!-- tearDownWebDriver -->
      </class> <!-- com.botree.MarchCR_Test.StockTakeOptionInOrderBookingTest -->
      <class name="com.botree.SSFA_Test.InitialLoginMobileTest">
        <test-method is-config="true" signature="setUp()[pri:0, instance:com.botree.SSFA_Test.InitialLoginMobileTest@6531a794]" started-at="2025-04-02T20:00:54 IST" name="setUp" finished-at="2025-04-02T20:00:55 IST" duration-ms="149" status="PASS">
          <reporter-output>
          </reporter-output>
        </test-method> <!-- setUp -->
        <test-method is-config="true" signature="initializeAppiumDriver(java.lang.String,java.lang.String,java.lang.String)[pri:0, instance:com.botree.SSFA_Test.InitialLoginMobileTest@6531a794]" started-at="2025-04-02T20:00:55 IST" name="initializeAppiumDriver" finished-at="2025-04-02T20:01:07 IST" duration-ms="12094" status="PASS">
          <params>
            <param index="0">
              <value>
                <![CDATA[4c059a39]]>
              </value>
            </param>
            <param index="1">
              <value>
                <![CDATA[8201]]>
              </value>
            </param>
            <param index="2">
              <value>
                <![CDATA[http://127.0.0.1:4723]]>
              </value>
            </param>
          </params>
          <reporter-output>
          </reporter-output>
        </test-method> <!-- initializeAppiumDriver -->
        <test-method is-config="true" signature="setUpWebDriver()[pri:0, instance:com.botree.SSFA_Test.InitialLoginMobileTest@6531a794]" started-at="2025-04-02T20:01:08 IST" name="setUpWebDriver" finished-at="2025-04-02T20:01:24 IST" duration-ms="16119" status="PASS">
          <reporter-output>
          </reporter-output>
        </test-method> <!-- setUpWebDriver -->
        <test-method signature="initialSetup(java.util.HashMap)[pri:1, instance:com.botree.SSFA_Test.InitialLoginMobileTest@6531a794]" started-at="2025-04-02T20:01:24 IST" name="initialSetup" data-provider="BotreeUAT" finished-at="2025-04-02T20:03:32 IST" duration-ms="127752" status="PASS">
          <params>
            <param index="0">
              <value>
                <![CDATA[{UOM=PCS, AppconfHeader=Application Configuration, PasswordS=$uperAdmin, PoNumber=1234, PasswordA=1234, Quantity=2, UserNameS=SuperAdmin, UserNameA=DemoRDS1~SM001, poRemarks=Hi}]]>
              </value>
            </param>
          </params>
          <reporter-output>
          </reporter-output>
        </test-method> <!-- initialSetup -->
        <test-method is-config="true" signature="tearDownWebDriver()[pri:0, instance:com.botree.SSFA_Test.InitialLoginMobileTest@6531a794]" started-at="2025-04-02T20:03:32 IST" name="tearDownWebDriver" finished-at="2025-04-02T20:03:33 IST" duration-ms="909" status="PASS">
          <reporter-output>
          </reporter-output>
        </test-method> <!-- tearDownWebDriver -->
        <test-method is-config="true" signature="tearDownMobileDriver()[pri:0, instance:com.botree.SSFA_Test.InitialLoginMobileTest@6531a794]" started-at="2025-04-02T20:24:33 IST" name="tearDownMobileDriver" finished-at="2025-04-02T20:24:44 IST" duration-ms="10648" status="PASS">
          <reporter-output>
          </reporter-output>
        </test-method> <!-- tearDownMobileDriver -->
      </class> <!-- com.botree.SSFA_Test.InitialLoginMobileTest -->
    </test> <!-- Test suite1 -->
  </suite> <!-- Suite -->
</testng-results>
