<html>
<head>
<title>TestNG:  Test suite1</title>
<link href="../testng.css" rel="stylesheet" type="text/css" />
<link href="../my-testng.css" rel="stylesheet" type="text/css" />

<style type="text/css">
.log { display: none;} 
.stack-trace { display: none;} 
</style>
<script type="text/javascript">
<!--
function flip(e) {
  current = e.style.display;
  if (current == 'block') {
    e.style.display = 'none';
    return 0;
  }
  else {
    e.style.display = 'block';
    return 1;
  }
}

function toggleBox(szDivId, elem, msg1, msg2)
{
  var res = -1;  if (document.getElementById) {
    res = flip(document.getElementById(szDivId));
  }
  else if (document.all) {
    // this is the way old msie versions work
    res = flip(document.all[szDivId]);
  }
  if(elem) {
    if(res == 0) elem.innerHTML = msg1; else elem.innerHTML = msg2;
  }

}

function toggleAllBoxes() {
  if (document.getElementsByTagName) {
    d = document.getElementsByTagName('div');
    for (i = 0; i < d.length; i++) {
      if (d[i].className == 'log') {
        flip(d[i]);
      }
    }
  }
}

// -->
</script>

</head>
<body>
<h2 align='center'>Test suite1</h2><table border='1' align="center">
<tr>
<td>Tests passed/Failed/Skipped:</td><td>4/5/0</td>
</tr><tr>
<td>Started on:</td><td>Wed Apr 02 20:00:55 IST 2025</td>
</tr>
<tr><td>Total time:</td><td>1418 seconds (1418532 ms)</td>
</tr><tr>
<td>Included groups:</td><td></td>
</tr><tr>
<td>Excluded groups:</td><td></td>
</tr>
</table><p/>
<small><i>(Hover the method name to see the test class name)</i></small><p/>
<table width='100%' border='1' class='invocation-failed'>
<tr><td colspan='4' align='center'><b>FAILED TESTS</b></td></tr>
<tr><td><b>Test method</b></td>
<td><b>Attribute(s)</b></td>
<td width="30%"><b>Exception</b></td>
<td width="10%"><b>Time (seconds)</b></td>
<td><b>Instance</b></td>
</tr>
<tr>
<td title='com.botree.MarchCR_Test.StockTakeOptionInOrderBookingTest.userAbleToVerifyBookOrderAlongWithStockTakeDisableInDSR()'><b>userAbleToVerifyBookOrderAlongWithStockTakeDisableInDSR</b><br>Test class: com.botree.MarchCR_Test.StockTakeOptionInOrderBookingTest<br>Parameters: {Directpartyorsuperstockist=TestDistributor2, UserNameCompany=DemoSO, UserNameDsr=Demords1~SM001, PasswordMdsr=Admin@123, AppconfHeader=Application Configuration, PasswordS=$uperAdmin, headerStationMaster=Please Select Station Master, Quantity=4, headerMarketVisit=Market Visit, titleMarketVisit=Market Visit, UserNameS=SuperAdmin, distributor=TestDistributor1, UOM=PCS, quantitiy1=1, StockTakeQty=1, smtDistributor=MAHAMAYA ENTERPRISES, quantitiy2=5, headerFilter=Filter, salesman=Salesman1, UserNameMdsr=SM001, PasswordCompany=Admin@123, StockTakeUOM=PCS, PasswordDsr=1234}</td>
<td><div><pre>java.lang.AssertionError: expected [false] but found [true]
	at com.botree.MarchCR.StockTakeOptionInOrderBooking.verifyStockTakeTextBoxIsDisabled(StockTakeOptionInOrderBooking.java:469)
	at com.botree.MarchCR_Test.StockTakeOptionInOrderBookingTest.userAbleToVerifyBookOrderAlongWithStockTakeDisableInDSR(StockTakeOptionInOrderBookingTest.java:229)
	at java.base/java.util.ArrayList.forEach(ArrayList.java:1541)
... Removed 31 stack frames</pre></div><a href='#' onClick='toggleBox("stack-trace2053115425", this, "Click to show all stack frames", "Click to hide stack frames")'>Click to show all stack frames</a>
<div class='stack-trace' id='stack-trace2053115425'><pre>java.lang.AssertionError: expected [false] but found [true]
	at org.testng.Assert.fail(Assert.java:111)
	at org.testng.Assert.failNotEquals(Assert.java:1590)
	at org.testng.Assert.assertFalse(Assert.java:79)
	at org.testng.Assert.assertFalse(Assert.java:89)
	at com.botree.MarchCR.StockTakeOptionInOrderBooking.verifyStockTakeTextBoxIsDisabled(StockTakeOptionInOrderBooking.java:469)
	at com.botree.MarchCR_Test.StockTakeOptionInOrderBookingTest.userAbleToVerifyBookOrderAlongWithStockTakeDisableInDSR(StockTakeOptionInOrderBookingTest.java:229)
	at java.base/jdk.internal.reflect.NativeMethodAccessorImpl.invoke0(Native Method)
	at java.base/jdk.internal.reflect.NativeMethodAccessorImpl.invoke(NativeMethodAccessorImpl.java:62)
	at java.base/jdk.internal.reflect.DelegatingMethodAccessorImpl.invoke(DelegatingMethodAccessorImpl.java:43)
	at java.base/java.lang.reflect.Method.invoke(Method.java:566)
	at org.testng.internal.invokers.MethodInvocationHelper.invokeMethod(MethodInvocationHelper.java:141)
	at org.testng.internal.invokers.TestInvoker.invokeMethod(TestInvoker.java:687)
	at org.testng.internal.invokers.TestInvoker.invokeTestMethod(TestInvoker.java:230)
	at org.testng.internal.invokers.MethodRunner.runInSequence(MethodRunner.java:63)
	at org.testng.internal.invokers.TestInvoker$MethodInvocationAgent.invoke(TestInvoker.java:995)
	at org.testng.internal.invokers.TestInvoker.invokeTestMethods(TestInvoker.java:203)
	at org.testng.internal.invokers.TestMethodWorker.invokeTestMethods(TestMethodWorker.java:154)
	at org.testng.internal.invokers.TestMethodWorker.run(TestMethodWorker.java:134)
	at java.base/java.util.ArrayList.forEach(ArrayList.java:1541)
	at org.testng.TestRunner.privateRun(TestRunner.java:741)
	at org.testng.TestRunner.run(TestRunner.java:616)
	at org.testng.SuiteRunner.runTest(SuiteRunner.java:421)
	at org.testng.SuiteRunner.runSequentially(SuiteRunner.java:413)
	at org.testng.SuiteRunner.privateRun(SuiteRunner.java:373)
	at org.testng.SuiteRunner.run(SuiteRunner.java:312)
	at org.testng.SuiteRunnerWorker.runSuite(SuiteRunnerWorker.java:52)
	at org.testng.SuiteRunnerWorker.run(SuiteRunnerWorker.java:95)
	at org.testng.TestNG.runSuitesSequentially(TestNG.java:1274)
	at org.testng.TestNG.runSuitesLocally(TestNG.java:1208)
	at org.testng.TestNG.runSuites(TestNG.java:1112)
	at org.testng.TestNG.run(TestNG.java:1079)
	at org.testng.remote.AbstractRemoteTestNG.run(AbstractRemoteTestNG.java:115)
	at org.testng.remote.RemoteTestNG.initAndRun(RemoteTestNG.java:293)
	at org.testng.remote.RemoteTestNG.main(RemoteTestNG.java:91)
</pre></div></td>
<td>313</td>
<td>com.botree.MarchCR_Test.StockTakeOptionInOrderBookingTest@74f6c5d8</td></tr>
<tr>
<td title='com.botree.MarchCR_Test.StockTakeOptionInOrderBookingTest.userAbleToDoOrderBookingAlongWithStockTakeEnabledInCompanyUser()'><b>userAbleToDoOrderBookingAlongWithStockTakeEnabledInCompanyUser</b><br>Test class: com.botree.MarchCR_Test.StockTakeOptionInOrderBookingTest<br>Parameters: {Directpartyorsuperstockist=TestDistributor2, UserNameCompany=DemoSO, UserNameDsr=Demords1~SM001, PasswordMdsr=Admin@123, AppconfHeader=Application Configuration, PasswordS=$uperAdmin, headerStationMaster=Please Select Station Master, Quantity=4, headerMarketVisit=Market Visit, titleMarketVisit=Market Visit, UserNameS=SuperAdmin, distributor=TestDistributor1, UOM=PCS, quantitiy1=1, StockTakeQty=1, smtDistributor=MAHAMAYA ENTERPRISES, quantitiy2=5, headerFilter=Filter, salesman=Salesman1, UserNameMdsr=SM001, PasswordCompany=Admin@123, StockTakeUOM=PCS, PasswordDsr=1234}</td>
<td><div><pre>java.lang.IndexOutOfBoundsException: Index 0 out of bounds for length 0
	at java.base/jdk.internal.util.Preconditions.outOfBounds(Preconditions.java:64)
	at java.base/jdk.internal.util.Preconditions.outOfBoundsCheckIndex(Preconditions.java:70)
	at java.base/jdk.internal.util.Preconditions.checkIndex(Preconditions.java:248)
	at java.base/java.util.Objects.checkIndex(Objects.java:372)
	at java.base/java.util.ArrayList.get(ArrayList.java:459)
	at org.openqa.selenium.support.pagefactory.internal.LocatingElementListHandler.invoke(LocatingElementListHandler.java:39)
	at com.sun.proxy.$Proxy25.get(Unknown Source)
	at com.botree.MarchCR.StockTakeOptionInOrderBooking.verifyRetailerisDisplayed1(StockTakeOptionInOrderBooking.java:1119)
	at com.botree.MarchCR_Test.StockTakeOptionInOrderBookingTest.userAbleToDoOrderBookingAlongWithStockTakeEnabledInCompanyUser(StockTakeOptionInOrderBookingTest.java:162)
	at java.base/java.util.ArrayList.forEach(ArrayList.java:1541)
... Removed 30 stack frames</pre></div><a href='#' onClick='toggleBox("stack-trace169571657", this, "Click to show all stack frames", "Click to hide stack frames")'>Click to show all stack frames</a>
<div class='stack-trace' id='stack-trace169571657'><pre>java.lang.IndexOutOfBoundsException: Index 0 out of bounds for length 0
	at java.base/jdk.internal.util.Preconditions.outOfBounds(Preconditions.java:64)
	at java.base/jdk.internal.util.Preconditions.outOfBoundsCheckIndex(Preconditions.java:70)
	at java.base/jdk.internal.util.Preconditions.checkIndex(Preconditions.java:248)
	at java.base/java.util.Objects.checkIndex(Objects.java:372)
	at java.base/java.util.ArrayList.get(ArrayList.java:459)
	at java.base/jdk.internal.reflect.GeneratedMethodAccessor3.invoke(Unknown Source)
	at java.base/jdk.internal.reflect.DelegatingMethodAccessorImpl.invoke(DelegatingMethodAccessorImpl.java:43)
	at java.base/java.lang.reflect.Method.invoke(Method.java:566)
	at org.openqa.selenium.support.pagefactory.internal.LocatingElementListHandler.invoke(LocatingElementListHandler.java:39)
	at com.sun.proxy.$Proxy25.get(Unknown Source)
	at com.botree.MarchCR.StockTakeOptionInOrderBooking.verifyRetailerisDisplayed1(StockTakeOptionInOrderBooking.java:1119)
	at com.botree.MarchCR_Test.StockTakeOptionInOrderBookingTest.userAbleToDoOrderBookingAlongWithStockTakeEnabledInCompanyUser(StockTakeOptionInOrderBookingTest.java:162)
	at java.base/jdk.internal.reflect.NativeMethodAccessorImpl.invoke0(Native Method)
	at java.base/jdk.internal.reflect.NativeMethodAccessorImpl.invoke(NativeMethodAccessorImpl.java:62)
	at java.base/jdk.internal.reflect.DelegatingMethodAccessorImpl.invoke(DelegatingMethodAccessorImpl.java:43)
	at java.base/java.lang.reflect.Method.invoke(Method.java:566)
	at org.testng.internal.invokers.MethodInvocationHelper.invokeMethod(MethodInvocationHelper.java:141)
	at org.testng.internal.invokers.TestInvoker.invokeMethod(TestInvoker.java:687)
	at org.testng.internal.invokers.TestInvoker.invokeTestMethod(TestInvoker.java:230)
	at org.testng.internal.invokers.MethodRunner.runInSequence(MethodRunner.java:63)
	at org.testng.internal.invokers.TestInvoker$MethodInvocationAgent.invoke(TestInvoker.java:995)
	at org.testng.internal.invokers.TestInvoker.invokeTestMethods(TestInvoker.java:203)
	at org.testng.internal.invokers.TestMethodWorker.invokeTestMethods(TestMethodWorker.java:154)
	at org.testng.internal.invokers.TestMethodWorker.run(TestMethodWorker.java:134)
	at java.base/java.util.ArrayList.forEach(ArrayList.java:1541)
	at org.testng.TestRunner.privateRun(TestRunner.java:741)
	at org.testng.TestRunner.run(TestRunner.java:616)
	at org.testng.SuiteRunner.runTest(SuiteRunner.java:421)
	at org.testng.SuiteRunner.runSequentially(SuiteRunner.java:413)
	at org.testng.SuiteRunner.privateRun(SuiteRunner.java:373)
	at org.testng.SuiteRunner.run(SuiteRunner.java:312)
	at org.testng.SuiteRunnerWorker.runSuite(SuiteRunnerWorker.java:52)
	at org.testng.SuiteRunnerWorker.run(SuiteRunnerWorker.java:95)
	at org.testng.TestNG.runSuitesSequentially(TestNG.java:1274)
	at org.testng.TestNG.runSuitesLocally(TestNG.java:1208)
	at org.testng.TestNG.runSuites(TestNG.java:1112)
	at org.testng.TestNG.run(TestNG.java:1079)
	at org.testng.remote.AbstractRemoteTestNG.run(AbstractRemoteTestNG.java:115)
	at org.testng.remote.RemoteTestNG.initAndRun(RemoteTestNG.java:293)
	at org.testng.remote.RemoteTestNG.main(RemoteTestNG.java:91)
</pre></div></td>
<td>157</td>
<td>com.botree.MarchCR_Test.StockTakeOptionInOrderBookingTest@74f6c5d8</td></tr>
<tr>
<td title='com.botree.MarchCR_Test.StockTakeOptionInOrderBookingTest.verifyUserAbleToBookOrderAlongWithStockTakeEnabledInMDSR()'><b>verifyUserAbleToBookOrderAlongWithStockTakeEnabledInMDSR</b><br>Test class: com.botree.MarchCR_Test.StockTakeOptionInOrderBookingTest<br>Parameters: {Directpartyorsuperstockist=TestDistributor2, UserNameCompany=DemoSO, UserNameDsr=Demords1~SM001, PasswordMdsr=Admin@123, AppconfHeader=Application Configuration, PasswordS=$uperAdmin, headerStationMaster=Please Select Station Master, Quantity=4, headerMarketVisit=Market Visit, titleMarketVisit=Market Visit, UserNameS=SuperAdmin, distributor=TestDistributor1, UOM=PCS, quantitiy1=1, StockTakeQty=1, smtDistributor=MAHAMAYA ENTERPRISES, quantitiy2=5, headerFilter=Filter, salesman=Salesman1, UserNameMdsr=SM001, PasswordCompany=Admin@123, StockTakeUOM=PCS, PasswordDsr=1234}</td>
<td><div><pre>org.openqa.selenium.InvalidSelectorException: org.eclipse.wst.xml.xpath2.processor.XPathParserException: CUP parser error: Parser error: line 1 col 4: Visit
For documentation on this error, please visit: https://www.selenium.dev/documentation/webdriver/troubleshooting/errors#invalid-selector-exception
Build info: version: &apos;4.13.0&apos;, revision: &apos;ba948ece5b*&apos;
System info: os.name: &apos;Windows 10&apos;, os.arch: &apos;amd64&apos;, os.version: &apos;10.0&apos;, java.version: &apos;11.0.11&apos;
Driver info: io.appium.java_client.android.AndroidDriver
Command: [d697b9ba-2294-41db-b3f9-4b8ab2003add, findElement {using=xpath, value=SS Visit}]
Capabilities {appium:adbExecTimeout: 20000, appium:app: C:\Users\balaji.vijayakumar..., appium:appPackage: com.botree.mobilitysfa.prep..., appium:automationName: UIAutomator2, appium:databaseEnabled: false, appium:desired: {adbExecTimeout: 20000, app: C:\Users\balaji.vijayakumar..., automationName: UIAutomator2, deviceName: 4c059a39, newCommandTimeout: 1800, platformName: ANDROID, systemPort: 8201, udid: 4c059a39}, appium:deviceApiLevel: 33, appium:deviceManufacturer: OnePlus, appium:deviceModel: CPH2487, appium:deviceName: 4c059a39, appium:deviceScreenDensity: 476, appium:deviceScreenSize: 1240x2772, appium:deviceUDID: 4c059a39, appium:javascriptEnabled: true, appium:locationContextEnabled: false, appium:networkConnectionEnabled: true, appium:newCommandTimeout: 1800, appium:pixelRatio: 2.9750001, appium:platformVersion: 13, appium:statBarHeight: 110, appium:systemPort: 8201, appium:takesScreenshot: true, appium:udid: 4c059a39, appium:viewportRect: {height: 2421, left: 0, top: 110, width: 1240}, appium:warnings: {}, appium:webStorageEnabled: false, platformName: ANDROID}
Session ID: d697b9ba-2294-41db-b3f9-4b8ab2003add
	at org.openqa.selenium.remote.codec.w3c.W3CHttpResponseCodec.createException(W3CHttpResponseCodec.java:200)
	at org.openqa.selenium.remote.codec.w3c.W3CHttpResponseCodec.decode(W3CHttpResponseCodec.java:133)
	at org.openqa.selenium.remote.codec.w3c.W3CHttpResponseCodec.decode(W3CHttpResponseCodec.java:52)
	at org.openqa.selenium.remote.HttpCommandExecutor.execute(HttpCommandExecutor.java:191)
	at io.appium.java_client.remote.AppiumCommandExecutor.execute(AppiumCommandExecutor.java:262)
	at org.openqa.selenium.remote.RemoteWebDriver.execute(RemoteWebDriver.java:602)
	at org.openqa.selenium.remote.ElementLocation$ElementFinder$2.findElement(ElementLocation.java:165)
	at org.openqa.selenium.remote.ElementLocation.findElement(ElementLocation.java:59)
	at org.openqa.selenium.remote.RemoteWebDriver.findElement(RemoteWebDriver.java:359)
	at org.openqa.selenium.remote.RemoteWebDriver.findElement(RemoteWebDriver.java:353)
	at org.openqa.selenium.support.pagefactory.DefaultElementLocator.findElement(DefaultElementLocator.java:68)
	at org.openqa.selenium.support.pagefactory.internal.LocatingElementHandler.invoke(LocatingElementHandler.java:38)
	at com.sun.proxy.$Proxy24.toString(Unknown Source)
	at java.base/java.lang.String.valueOf(String.java:2951)
	at com.botree.utility.AndroidCommonUtility.clickElement(AndroidCommonUtility.java:184)
	at com.botree.MarchCR.StockTakeOptionInOrderBooking.clickSSVisit(StockTakeOptionInOrderBooking.java:606)
	at com.botree.MarchCR_Test.StockTakeOptionInOrderBookingTest.verifyUserAbleToBookOrderAlongWithStockTakeEnabledInMDSR(StockTakeOptionInOrderBookingTest.java:93)
	at java.base/java.util.ArrayList.forEach(ArrayList.java:1541)
... Removed 31 stack frames</pre></div><a href='#' onClick='toggleBox("stack-trace555591232", this, "Click to show all stack frames", "Click to hide stack frames")'>Click to show all stack frames</a>
<div class='stack-trace' id='stack-trace555591232'><pre>org.openqa.selenium.InvalidSelectorException: org.eclipse.wst.xml.xpath2.processor.XPathParserException: CUP parser error: Parser error: line 1 col 4: Visit
For documentation on this error, please visit: https://www.selenium.dev/documentation/webdriver/troubleshooting/errors#invalid-selector-exception
Build info: version: &apos;4.13.0&apos;, revision: &apos;ba948ece5b*&apos;
System info: os.name: &apos;Windows 10&apos;, os.arch: &apos;amd64&apos;, os.version: &apos;10.0&apos;, java.version: &apos;11.0.11&apos;
Driver info: io.appium.java_client.android.AndroidDriver
Command: [d697b9ba-2294-41db-b3f9-4b8ab2003add, findElement {using=xpath, value=SS Visit}]
Capabilities {appium:adbExecTimeout: 20000, appium:app: C:\Users\balaji.vijayakumar..., appium:appPackage: com.botree.mobilitysfa.prep..., appium:automationName: UIAutomator2, appium:databaseEnabled: false, appium:desired: {adbExecTimeout: 20000, app: C:\Users\balaji.vijayakumar..., automationName: UIAutomator2, deviceName: 4c059a39, newCommandTimeout: 1800, platformName: ANDROID, systemPort: 8201, udid: 4c059a39}, appium:deviceApiLevel: 33, appium:deviceManufacturer: OnePlus, appium:deviceModel: CPH2487, appium:deviceName: 4c059a39, appium:deviceScreenDensity: 476, appium:deviceScreenSize: 1240x2772, appium:deviceUDID: 4c059a39, appium:javascriptEnabled: true, appium:locationContextEnabled: false, appium:networkConnectionEnabled: true, appium:newCommandTimeout: 1800, appium:pixelRatio: 2.9750001, appium:platformVersion: 13, appium:statBarHeight: 110, appium:systemPort: 8201, appium:takesScreenshot: true, appium:udid: 4c059a39, appium:viewportRect: {height: 2421, left: 0, top: 110, width: 1240}, appium:warnings: {}, appium:webStorageEnabled: false, platformName: ANDROID}
Session ID: d697b9ba-2294-41db-b3f9-4b8ab2003add
	at java.base/jdk.internal.reflect.NativeConstructorAccessorImpl.newInstance0(Native Method)
	at java.base/jdk.internal.reflect.NativeConstructorAccessorImpl.newInstance(NativeConstructorAccessorImpl.java:62)
	at java.base/jdk.internal.reflect.DelegatingConstructorAccessorImpl.newInstance(DelegatingConstructorAccessorImpl.java:45)
	at java.base/java.lang.reflect.Constructor.newInstance(Constructor.java:490)
	at org.openqa.selenium.remote.codec.w3c.W3CHttpResponseCodec.createException(W3CHttpResponseCodec.java:200)
	at org.openqa.selenium.remote.codec.w3c.W3CHttpResponseCodec.decode(W3CHttpResponseCodec.java:133)
	at org.openqa.selenium.remote.codec.w3c.W3CHttpResponseCodec.decode(W3CHttpResponseCodec.java:52)
	at org.openqa.selenium.remote.HttpCommandExecutor.execute(HttpCommandExecutor.java:191)
	at io.appium.java_client.remote.AppiumCommandExecutor.execute(AppiumCommandExecutor.java:262)
	at org.openqa.selenium.remote.RemoteWebDriver.execute(RemoteWebDriver.java:602)
	at org.openqa.selenium.remote.ElementLocation$ElementFinder$2.findElement(ElementLocation.java:165)
	at org.openqa.selenium.remote.ElementLocation.findElement(ElementLocation.java:59)
	at org.openqa.selenium.remote.RemoteWebDriver.findElement(RemoteWebDriver.java:359)
	at org.openqa.selenium.remote.RemoteWebDriver.findElement(RemoteWebDriver.java:353)
	at org.openqa.selenium.support.pagefactory.DefaultElementLocator.findElement(DefaultElementLocator.java:68)
	at org.openqa.selenium.support.pagefactory.internal.LocatingElementHandler.invoke(LocatingElementHandler.java:38)
	at com.sun.proxy.$Proxy24.toString(Unknown Source)
	at java.base/java.lang.String.valueOf(String.java:2951)
	at com.botree.utility.AndroidCommonUtility.clickElement(AndroidCommonUtility.java:184)
	at com.botree.MarchCR.StockTakeOptionInOrderBooking.clickSSVisit(StockTakeOptionInOrderBooking.java:606)
	at com.botree.MarchCR_Test.StockTakeOptionInOrderBookingTest.verifyUserAbleToBookOrderAlongWithStockTakeEnabledInMDSR(StockTakeOptionInOrderBookingTest.java:93)
	at java.base/jdk.internal.reflect.NativeMethodAccessorImpl.invoke0(Native Method)
	at java.base/jdk.internal.reflect.NativeMethodAccessorImpl.invoke(NativeMethodAccessorImpl.java:62)
	at java.base/jdk.internal.reflect.DelegatingMethodAccessorImpl.invoke(DelegatingMethodAccessorImpl.java:43)
	at java.base/java.lang.reflect.Method.invoke(Method.java:566)
	at org.testng.internal.invokers.MethodInvocationHelper.invokeMethod(MethodInvocationHelper.java:141)
	at org.testng.internal.invokers.TestInvoker.invokeMethod(TestInvoker.java:687)
	at org.testng.internal.invokers.TestInvoker.invokeTestMethod(TestInvoker.java:230)
	at org.testng.internal.invokers.MethodRunner.runInSequence(MethodRunner.java:63)
	at org.testng.internal.invokers.TestInvoker$MethodInvocationAgent.invoke(TestInvoker.java:995)
	at org.testng.internal.invokers.TestInvoker.invokeTestMethods(TestInvoker.java:203)
	at org.testng.internal.invokers.TestMethodWorker.invokeTestMethods(TestMethodWorker.java:154)
	at org.testng.internal.invokers.TestMethodWorker.run(TestMethodWorker.java:134)
	at java.base/java.util.ArrayList.forEach(ArrayList.java:1541)
	at org.testng.TestRunner.privateRun(TestRunner.java:741)
	at org.testng.TestRunner.run(TestRunner.java:616)
	at org.testng.SuiteRunner.runTest(SuiteRunner.java:421)
	at org.testng.SuiteRunner.runSequentially(SuiteRunner.java:413)
	at org.testng.SuiteRunner.privateRun(SuiteRunner.java:373)
	at org.testng.SuiteRunner.run(SuiteRunner.java:312)
	at org.testng.SuiteRunnerWorker.runSuite(SuiteRunnerWorker.java:52)
	at org.testng.SuiteRunnerWorker.run(SuiteRunnerWorker.java:95)
	at org.testng.TestNG.runSuitesSequentially(TestNG.java:1274)
	at org.testng.TestNG.runSuitesLocally(TestNG.java:1208)
	at org.testng.TestNG.runSuites(TestNG.java:1112)
	at org.testng.TestNG.run(TestNG.java:1079)
	at org.testng.remote.AbstractRemoteTestNG.run(AbstractRemoteTestNG.java:115)
	at org.testng.remote.RemoteTestNG.initAndRun(RemoteTestNG.java:293)
	at org.testng.remote.RemoteTestNG.main(RemoteTestNG.java:91)
</pre></div></td>
<td>127</td>
<td>com.botree.MarchCR_Test.StockTakeOptionInOrderBookingTest@74f6c5d8</td></tr>
<tr>
<td title='com.botree.MarchCR_Test.StockTakeOptionInOrderBookingTest.verifyUserAbleToBookOrderAlongWithStockTakeDisableInMDSR()'><b>verifyUserAbleToBookOrderAlongWithStockTakeDisableInMDSR</b><br>Test class: com.botree.MarchCR_Test.StockTakeOptionInOrderBookingTest<br>Parameters: {Directpartyorsuperstockist=TestDistributor2, UserNameCompany=DemoSO, UserNameDsr=Demords1~SM001, PasswordMdsr=Admin@123, AppconfHeader=Application Configuration, PasswordS=$uperAdmin, headerStationMaster=Please Select Station Master, Quantity=4, headerMarketVisit=Market Visit, titleMarketVisit=Market Visit, UserNameS=SuperAdmin, distributor=TestDistributor1, UOM=PCS, quantitiy1=1, StockTakeQty=1, smtDistributor=MAHAMAYA ENTERPRISES, quantitiy2=5, headerFilter=Filter, salesman=Salesman1, UserNameMdsr=SM001, PasswordCompany=Admin@123, StockTakeUOM=PCS, PasswordDsr=1234}</td>
<td><div><pre>org.openqa.selenium.InvalidSelectorException: org.eclipse.wst.xml.xpath2.processor.XPathParserException: CUP parser error: Parser error: line 1 col 4: Visit
For documentation on this error, please visit: https://www.selenium.dev/documentation/webdriver/troubleshooting/errors#invalid-selector-exception
Build info: version: &apos;4.13.0&apos;, revision: &apos;ba948ece5b*&apos;
System info: os.name: &apos;Windows 10&apos;, os.arch: &apos;amd64&apos;, os.version: &apos;10.0&apos;, java.version: &apos;11.0.11&apos;
Driver info: io.appium.java_client.android.AndroidDriver
Command: [d697b9ba-2294-41db-b3f9-4b8ab2003add, findElement {using=xpath, value=SS Visit}]
Capabilities {appium:adbExecTimeout: 20000, appium:app: C:\Users\balaji.vijayakumar..., appium:appPackage: com.botree.mobilitysfa.prep..., appium:automationName: UIAutomator2, appium:databaseEnabled: false, appium:desired: {adbExecTimeout: 20000, app: C:\Users\balaji.vijayakumar..., automationName: UIAutomator2, deviceName: 4c059a39, newCommandTimeout: 1800, platformName: ANDROID, systemPort: 8201, udid: 4c059a39}, appium:deviceApiLevel: 33, appium:deviceManufacturer: OnePlus, appium:deviceModel: CPH2487, appium:deviceName: 4c059a39, appium:deviceScreenDensity: 476, appium:deviceScreenSize: 1240x2772, appium:deviceUDID: 4c059a39, appium:javascriptEnabled: true, appium:locationContextEnabled: false, appium:networkConnectionEnabled: true, appium:newCommandTimeout: 1800, appium:pixelRatio: 2.9750001, appium:platformVersion: 13, appium:statBarHeight: 110, appium:systemPort: 8201, appium:takesScreenshot: true, appium:udid: 4c059a39, appium:viewportRect: {height: 2421, left: 0, top: 110, width: 1240}, appium:warnings: {}, appium:webStorageEnabled: false, platformName: ANDROID}
Session ID: d697b9ba-2294-41db-b3f9-4b8ab2003add
	at org.openqa.selenium.remote.codec.w3c.W3CHttpResponseCodec.createException(W3CHttpResponseCodec.java:200)
	at org.openqa.selenium.remote.codec.w3c.W3CHttpResponseCodec.decode(W3CHttpResponseCodec.java:133)
	at org.openqa.selenium.remote.codec.w3c.W3CHttpResponseCodec.decode(W3CHttpResponseCodec.java:52)
	at org.openqa.selenium.remote.HttpCommandExecutor.execute(HttpCommandExecutor.java:191)
	at io.appium.java_client.remote.AppiumCommandExecutor.execute(AppiumCommandExecutor.java:262)
	at org.openqa.selenium.remote.RemoteWebDriver.execute(RemoteWebDriver.java:602)
	at org.openqa.selenium.remote.ElementLocation$ElementFinder$2.findElement(ElementLocation.java:165)
	at org.openqa.selenium.remote.ElementLocation.findElement(ElementLocation.java:59)
	at org.openqa.selenium.remote.RemoteWebDriver.findElement(RemoteWebDriver.java:359)
	at org.openqa.selenium.remote.RemoteWebDriver.findElement(RemoteWebDriver.java:353)
	at org.openqa.selenium.support.pagefactory.DefaultElementLocator.findElement(DefaultElementLocator.java:68)
	at org.openqa.selenium.support.pagefactory.internal.LocatingElementHandler.invoke(LocatingElementHandler.java:38)
	at com.sun.proxy.$Proxy24.toString(Unknown Source)
	at java.base/java.lang.String.valueOf(String.java:2951)
	at com.botree.utility.AndroidCommonUtility.clickElement(AndroidCommonUtility.java:184)
	at com.botree.MarchCR.StockTakeOptionInOrderBooking.clickSSVisit(StockTakeOptionInOrderBooking.java:606)
	at com.botree.MarchCR_Test.StockTakeOptionInOrderBookingTest.verifyUserAbleToBookOrderAlongWithStockTakeDisableInMDSR(StockTakeOptionInOrderBookingTest.java:253)
	at java.base/java.util.ArrayList.forEach(ArrayList.java:1541)
... Removed 31 stack frames</pre></div><a href='#' onClick='toggleBox("stack-trace1428887030", this, "Click to show all stack frames", "Click to hide stack frames")'>Click to show all stack frames</a>
<div class='stack-trace' id='stack-trace1428887030'><pre>org.openqa.selenium.InvalidSelectorException: org.eclipse.wst.xml.xpath2.processor.XPathParserException: CUP parser error: Parser error: line 1 col 4: Visit
For documentation on this error, please visit: https://www.selenium.dev/documentation/webdriver/troubleshooting/errors#invalid-selector-exception
Build info: version: &apos;4.13.0&apos;, revision: &apos;ba948ece5b*&apos;
System info: os.name: &apos;Windows 10&apos;, os.arch: &apos;amd64&apos;, os.version: &apos;10.0&apos;, java.version: &apos;11.0.11&apos;
Driver info: io.appium.java_client.android.AndroidDriver
Command: [d697b9ba-2294-41db-b3f9-4b8ab2003add, findElement {using=xpath, value=SS Visit}]
Capabilities {appium:adbExecTimeout: 20000, appium:app: C:\Users\balaji.vijayakumar..., appium:appPackage: com.botree.mobilitysfa.prep..., appium:automationName: UIAutomator2, appium:databaseEnabled: false, appium:desired: {adbExecTimeout: 20000, app: C:\Users\balaji.vijayakumar..., automationName: UIAutomator2, deviceName: 4c059a39, newCommandTimeout: 1800, platformName: ANDROID, systemPort: 8201, udid: 4c059a39}, appium:deviceApiLevel: 33, appium:deviceManufacturer: OnePlus, appium:deviceModel: CPH2487, appium:deviceName: 4c059a39, appium:deviceScreenDensity: 476, appium:deviceScreenSize: 1240x2772, appium:deviceUDID: 4c059a39, appium:javascriptEnabled: true, appium:locationContextEnabled: false, appium:networkConnectionEnabled: true, appium:newCommandTimeout: 1800, appium:pixelRatio: 2.9750001, appium:platformVersion: 13, appium:statBarHeight: 110, appium:systemPort: 8201, appium:takesScreenshot: true, appium:udid: 4c059a39, appium:viewportRect: {height: 2421, left: 0, top: 110, width: 1240}, appium:warnings: {}, appium:webStorageEnabled: false, platformName: ANDROID}
Session ID: d697b9ba-2294-41db-b3f9-4b8ab2003add
	at java.base/jdk.internal.reflect.NativeConstructorAccessorImpl.newInstance0(Native Method)
	at java.base/jdk.internal.reflect.NativeConstructorAccessorImpl.newInstance(NativeConstructorAccessorImpl.java:62)
	at java.base/jdk.internal.reflect.DelegatingConstructorAccessorImpl.newInstance(DelegatingConstructorAccessorImpl.java:45)
	at java.base/java.lang.reflect.Constructor.newInstance(Constructor.java:490)
	at org.openqa.selenium.remote.codec.w3c.W3CHttpResponseCodec.createException(W3CHttpResponseCodec.java:200)
	at org.openqa.selenium.remote.codec.w3c.W3CHttpResponseCodec.decode(W3CHttpResponseCodec.java:133)
	at org.openqa.selenium.remote.codec.w3c.W3CHttpResponseCodec.decode(W3CHttpResponseCodec.java:52)
	at org.openqa.selenium.remote.HttpCommandExecutor.execute(HttpCommandExecutor.java:191)
	at io.appium.java_client.remote.AppiumCommandExecutor.execute(AppiumCommandExecutor.java:262)
	at org.openqa.selenium.remote.RemoteWebDriver.execute(RemoteWebDriver.java:602)
	at org.openqa.selenium.remote.ElementLocation$ElementFinder$2.findElement(ElementLocation.java:165)
	at org.openqa.selenium.remote.ElementLocation.findElement(ElementLocation.java:59)
	at org.openqa.selenium.remote.RemoteWebDriver.findElement(RemoteWebDriver.java:359)
	at org.openqa.selenium.remote.RemoteWebDriver.findElement(RemoteWebDriver.java:353)
	at org.openqa.selenium.support.pagefactory.DefaultElementLocator.findElement(DefaultElementLocator.java:68)
	at org.openqa.selenium.support.pagefactory.internal.LocatingElementHandler.invoke(LocatingElementHandler.java:38)
	at com.sun.proxy.$Proxy24.toString(Unknown Source)
	at java.base/java.lang.String.valueOf(String.java:2951)
	at com.botree.utility.AndroidCommonUtility.clickElement(AndroidCommonUtility.java:184)
	at com.botree.MarchCR.StockTakeOptionInOrderBooking.clickSSVisit(StockTakeOptionInOrderBooking.java:606)
	at com.botree.MarchCR_Test.StockTakeOptionInOrderBookingTest.verifyUserAbleToBookOrderAlongWithStockTakeDisableInMDSR(StockTakeOptionInOrderBookingTest.java:253)
	at java.base/jdk.internal.reflect.NativeMethodAccessorImpl.invoke0(Native Method)
	at java.base/jdk.internal.reflect.NativeMethodAccessorImpl.invoke(NativeMethodAccessorImpl.java:62)
	at java.base/jdk.internal.reflect.DelegatingMethodAccessorImpl.invoke(DelegatingMethodAccessorImpl.java:43)
	at java.base/java.lang.reflect.Method.invoke(Method.java:566)
	at org.testng.internal.invokers.MethodInvocationHelper.invokeMethod(MethodInvocationHelper.java:141)
	at org.testng.internal.invokers.TestInvoker.invokeMethod(TestInvoker.java:687)
	at org.testng.internal.invokers.TestInvoker.invokeTestMethod(TestInvoker.java:230)
	at org.testng.internal.invokers.MethodRunner.runInSequence(MethodRunner.java:63)
	at org.testng.internal.invokers.TestInvoker$MethodInvocationAgent.invoke(TestInvoker.java:995)
	at org.testng.internal.invokers.TestInvoker.invokeTestMethods(TestInvoker.java:203)
	at org.testng.internal.invokers.TestMethodWorker.invokeTestMethods(TestMethodWorker.java:154)
	at org.testng.internal.invokers.TestMethodWorker.run(TestMethodWorker.java:134)
	at java.base/java.util.ArrayList.forEach(ArrayList.java:1541)
	at org.testng.TestRunner.privateRun(TestRunner.java:741)
	at org.testng.TestRunner.run(TestRunner.java:616)
	at org.testng.SuiteRunner.runTest(SuiteRunner.java:421)
	at org.testng.SuiteRunner.runSequentially(SuiteRunner.java:413)
	at org.testng.SuiteRunner.privateRun(SuiteRunner.java:373)
	at org.testng.SuiteRunner.run(SuiteRunner.java:312)
	at org.testng.SuiteRunnerWorker.runSuite(SuiteRunnerWorker.java:52)
	at org.testng.SuiteRunnerWorker.run(SuiteRunnerWorker.java:95)
	at org.testng.TestNG.runSuitesSequentially(TestNG.java:1274)
	at org.testng.TestNG.runSuitesLocally(TestNG.java:1208)
	at org.testng.TestNG.runSuites(TestNG.java:1112)
	at org.testng.TestNG.run(TestNG.java:1079)
	at org.testng.remote.AbstractRemoteTestNG.run(AbstractRemoteTestNG.java:115)
	at org.testng.remote.RemoteTestNG.initAndRun(RemoteTestNG.java:293)
	at org.testng.remote.RemoteTestNG.main(RemoteTestNG.java:91)
</pre></div></td>
<td>119</td>
<td>com.botree.MarchCR_Test.StockTakeOptionInOrderBookingTest@74f6c5d8</td></tr>
<tr>
<td title='com.botree.MarchCR_Test.StockTakeOptionInOrderBookingTest.userAbleToDoOrderBookingAlongWithStockTakeDisableInCompanyUser()'><b>userAbleToDoOrderBookingAlongWithStockTakeDisableInCompanyUser</b><br>Test class: com.botree.MarchCR_Test.StockTakeOptionInOrderBookingTest<br>Parameters: {Directpartyorsuperstockist=TestDistributor2, UserNameCompany=DemoSO, UserNameDsr=Demords1~SM001, PasswordMdsr=Admin@123, AppconfHeader=Application Configuration, PasswordS=$uperAdmin, headerStationMaster=Please Select Station Master, Quantity=4, headerMarketVisit=Market Visit, titleMarketVisit=Market Visit, UserNameS=SuperAdmin, distributor=TestDistributor1, UOM=PCS, quantitiy1=1, StockTakeQty=1, smtDistributor=MAHAMAYA ENTERPRISES, quantitiy2=5, headerFilter=Filter, salesman=Salesman1, UserNameMdsr=SM001, PasswordCompany=Admin@123, StockTakeUOM=PCS, PasswordDsr=1234}</td>
<td><div><pre>java.lang.Exception: Sendkeys not performed. [[AndroidDriver:  on ANDROID (d697b9ba-2294-41db-b3f9-4b8ab2003add)] -&gt; id: com.botree.mobilitysfa.preprodstage:id/password_edt]
	at com.botree.utility.AndroidCommonUtility.sendKeys(AndroidCommonUtility.java:174)
	at com.botree.SSFA.InitialLoginPage.setActivity(InitialLoginPage.java:142)
	at com.botree.MarchCR_Test.StockTakeOptionInOrderBookingTest.userAbleToDoOrderBookingAlongWithStockTakeDisableInCompanyUser(StockTakeOptionInOrderBookingTest.java:303)
	at java.base/java.util.ArrayList.forEach(ArrayList.java:1541)
... Removed 27 stack frames</pre></div><a href='#' onClick='toggleBox("stack-trace101272276", this, "Click to show all stack frames", "Click to hide stack frames")'>Click to show all stack frames</a>
<div class='stack-trace' id='stack-trace101272276'><pre>java.lang.Exception: Sendkeys not performed. [[AndroidDriver:  on ANDROID (d697b9ba-2294-41db-b3f9-4b8ab2003add)] -&gt; id: com.botree.mobilitysfa.preprodstage:id/password_edt]
	at com.botree.utility.AndroidCommonUtility.sendKeys(AndroidCommonUtility.java:174)
	at com.botree.SSFA.InitialLoginPage.setActivity(InitialLoginPage.java:142)
	at com.botree.MarchCR_Test.StockTakeOptionInOrderBookingTest.userAbleToDoOrderBookingAlongWithStockTakeDisableInCompanyUser(StockTakeOptionInOrderBookingTest.java:303)
	at java.base/jdk.internal.reflect.NativeMethodAccessorImpl.invoke0(Native Method)
	at java.base/jdk.internal.reflect.NativeMethodAccessorImpl.invoke(NativeMethodAccessorImpl.java:62)
	at java.base/jdk.internal.reflect.DelegatingMethodAccessorImpl.invoke(DelegatingMethodAccessorImpl.java:43)
	at java.base/java.lang.reflect.Method.invoke(Method.java:566)
	at org.testng.internal.invokers.MethodInvocationHelper.invokeMethod(MethodInvocationHelper.java:141)
	at org.testng.internal.invokers.TestInvoker.invokeMethod(TestInvoker.java:687)
	at org.testng.internal.invokers.TestInvoker.invokeTestMethod(TestInvoker.java:230)
	at org.testng.internal.invokers.MethodRunner.runInSequence(MethodRunner.java:63)
	at org.testng.internal.invokers.TestInvoker$MethodInvocationAgent.invoke(TestInvoker.java:995)
	at org.testng.internal.invokers.TestInvoker.invokeTestMethods(TestInvoker.java:203)
	at org.testng.internal.invokers.TestMethodWorker.invokeTestMethods(TestMethodWorker.java:154)
	at org.testng.internal.invokers.TestMethodWorker.run(TestMethodWorker.java:134)
	at java.base/java.util.ArrayList.forEach(ArrayList.java:1541)
	at org.testng.TestRunner.privateRun(TestRunner.java:741)
	at org.testng.TestRunner.run(TestRunner.java:616)
	at org.testng.SuiteRunner.runTest(SuiteRunner.java:421)
	at org.testng.SuiteRunner.runSequentially(SuiteRunner.java:413)
	at org.testng.SuiteRunner.privateRun(SuiteRunner.java:373)
	at org.testng.SuiteRunner.run(SuiteRunner.java:312)
	at org.testng.SuiteRunnerWorker.runSuite(SuiteRunnerWorker.java:52)
	at org.testng.SuiteRunnerWorker.run(SuiteRunnerWorker.java:95)
	at org.testng.TestNG.runSuitesSequentially(TestNG.java:1274)
	at org.testng.TestNG.runSuitesLocally(TestNG.java:1208)
	at org.testng.TestNG.runSuites(TestNG.java:1112)
	at org.testng.TestNG.run(TestNG.java:1079)
	at org.testng.remote.AbstractRemoteTestNG.run(AbstractRemoteTestNG.java:115)
	at org.testng.remote.RemoteTestNG.initAndRun(RemoteTestNG.java:293)
	at org.testng.remote.RemoteTestNG.main(RemoteTestNG.java:91)
</pre></div></td>
<td>73</td>
<td>com.botree.MarchCR_Test.StockTakeOptionInOrderBookingTest@74f6c5d8</td></tr>
</table><p>
<table width='100%' border='1' class='invocation-passed'>
<tr><td colspan='4' align='center'><b>PASSED TESTS</b></td></tr>
<tr><td><b>Test method</b></td>
<td><b>Attribute(s)</b></td>
<td width="30%"><b>Exception</b></td>
<td width="10%"><b>Time (seconds)</b></td>
<td><b>Instance</b></td>
</tr>
<tr>
<td title='com.botree.MarchCR_Test.StockTakeOptionInOrderBookingTest.userAbleToEnableStockTakeOptionInOrderBookingScreen()'><b>userAbleToEnableStockTakeOptionInOrderBookingScreen</b><br>Test class: com.botree.MarchCR_Test.StockTakeOptionInOrderBookingTest<br>Parameters: {Directpartyorsuperstockist=TestDistributor2, UserNameCompany=DemoSO, UserNameDsr=Demords1~SM001, PasswordMdsr=Admin@123, AppconfHeader=Application Configuration, PasswordS=$uperAdmin, headerStationMaster=Please Select Station Master, Quantity=4, headerMarketVisit=Market Visit, titleMarketVisit=Market Visit, UserNameS=SuperAdmin, distributor=TestDistributor1, UOM=PCS, quantitiy1=1, StockTakeQty=1, smtDistributor=MAHAMAYA ENTERPRISES, quantitiy2=5, headerFilter=Filter, salesman=Salesman1, UserNameMdsr=SM001, PasswordCompany=Admin@123, StockTakeUOM=PCS, PasswordDsr=1234}</td>
<td></td>
<td>21</td>
<td>com.botree.MarchCR_Test.StockTakeOptionInOrderBookingTest@74f6c5d8</td></tr>
<tr>
<td title='com.botree.SSFA_Test.InitialLoginMobileTest.initialSetup()'><b>initialSetup</b><br>Test class: com.botree.SSFA_Test.InitialLoginMobileTest<br>Parameters: {UOM=PCS, AppconfHeader=Application Configuration, PasswordS=$uperAdmin, PoNumber=1234, PasswordA=1234, Quantity=2, UserNameS=SuperAdmin, UserNameA=DemoRDS1~SM001, poRemarks=Hi}</td>
<td></td>
<td>127</td>
<td>com.botree.SSFA_Test.InitialLoginMobileTest@6531a794</td></tr>
<tr>
<td title='com.botree.MarchCR_Test.StockTakeOptionInOrderBookingTest.userAbleToDisableStockTakeOptionInOrderBookingScreen()'><b>userAbleToDisableStockTakeOptionInOrderBookingScreen</b><br>Test class: com.botree.MarchCR_Test.StockTakeOptionInOrderBookingTest<br>Parameters: {Directpartyorsuperstockist=TestDistributor2, UserNameCompany=DemoSO, UserNameDsr=Demords1~SM001, PasswordMdsr=Admin@123, AppconfHeader=Application Configuration, PasswordS=$uperAdmin, headerStationMaster=Please Select Station Master, Quantity=4, headerMarketVisit=Market Visit, titleMarketVisit=Market Visit, UserNameS=SuperAdmin, distributor=TestDistributor1, UOM=PCS, quantitiy1=1, StockTakeQty=1, smtDistributor=MAHAMAYA ENTERPRISES, quantitiy2=5, headerFilter=Filter, salesman=Salesman1, UserNameMdsr=SM001, PasswordCompany=Admin@123, StockTakeUOM=PCS, PasswordDsr=1234}</td>
<td></td>
<td>20</td>
<td>com.botree.MarchCR_Test.StockTakeOptionInOrderBookingTest@74f6c5d8</td></tr>
<tr>
<td title='com.botree.MarchCR_Test.StockTakeOptionInOrderBookingTest.userAbleToVerifyBookOrderAlongWithStockTakeEnabledInDSR()'><b>userAbleToVerifyBookOrderAlongWithStockTakeEnabledInDSR</b><br>Test class: com.botree.MarchCR_Test.StockTakeOptionInOrderBookingTest<br>Parameters: {Directpartyorsuperstockist=TestDistributor2, UserNameCompany=DemoSO, UserNameDsr=Demords1~SM001, PasswordMdsr=Admin@123, AppconfHeader=Application Configuration, PasswordS=$uperAdmin, headerStationMaster=Please Select Station Master, Quantity=4, headerMarketVisit=Market Visit, titleMarketVisit=Market Visit, UserNameS=SuperAdmin, distributor=TestDistributor1, UOM=PCS, quantitiy1=1, StockTakeQty=1, smtDistributor=MAHAMAYA ENTERPRISES, quantitiy2=5, headerFilter=Filter, salesman=Salesman1, UserNameMdsr=SM001, PasswordCompany=Admin@123, StockTakeUOM=PCS, PasswordDsr=1234}</td>
<td></td>
<td>293</td>
<td>com.botree.MarchCR_Test.StockTakeOptionInOrderBookingTest@74f6c5d8</td></tr>
</table><p>
</body>
</html>