<?xml version="1.0" encoding="UTF-8"?>
<!-- Generated by org.testng.reporters.JUnitXMLReporter -->
<testsuite ignored="3" hostname="PG03KMMT" failures="5" tests="9" name="Test suite1" time="1418.532" errors="0" timestamp="2025-04-02T20:24:33 IST">
  <testcase classname="com.botree.SSFA_Test.InitialLoginMobileTest" name="initialSetup" time="127.752"/>
  <testcase classname="com.botree.MarchCR_Test.StockTakeOptionInOrderBookingTest" name="userAbleToEnableStockTakeOptionInOrderBookingScreen" time="21.103"/>
  <testcase classname="com.botree.MarchCR_Test.StockTakeOptionInOrderBookingTest" name="userAbleToVerifyBookOrderAlongWithStockTakeEnabledInDSR" time="293.911"/>
  <testcase classname="com.botree.MarchCR_Test.StockTakeOptionInOrderBookingTest" name="verifyUserAbleToBookOrderAlongWithStockTakeEnabledInMDSR" time="127.774">
    <failure type="org.openqa.selenium.InvalidSelectorException" message="org.eclipse.wst.xml.xpath2.processor.XPathParserException: CUP parser error: Parser error: line 1 col 4: Visit
For documentation on this error, please visit: https://www.selenium.dev/documentation/webdriver/troubleshooting/errors#invalid-selector-exception
Build info: version: &amp;apos;4.13.0&amp;apos;, revision: &amp;apos;ba948ece5b*&amp;apos;
System info: os.name: &amp;apos;Windows 10&amp;apos;, os.arch: &amp;apos;amd64&amp;apos;, os.version: &amp;apos;10.0&amp;apos;, java.version: &amp;apos;11.0.11&amp;apos;
Driver info: io.appium.java_client.android.AndroidDriver
Command: [d697b9ba-2294-41db-b3f9-4b8ab2003add, findElement {using=xpath, value=SS Visit}]
Capabilities {appium:adbExecTimeout: 20000, appium:app: C:\Users\balaji.vijayakumar..., appium:appPackage: com.botree.mobilitysfa.prep..., appium:automationName: UIAutomator2, appium:databaseEnabled: false, appium:desired: {adbExecTimeout: 20000, app: C:\Users\balaji.vijayakumar..., automationName: UIAutomator2, deviceName: 4c059a39, newCommandTimeout: 1800, platformName: ANDROID, systemPort: 8201, udid: 4c059a39}, appium:deviceApiLevel: 33, appium:deviceManufacturer: OnePlus, appium:deviceModel: CPH2487, appium:deviceName: 4c059a39, appium:deviceScreenDensity: 476, appium:deviceScreenSize: 1240x2772, appium:deviceUDID: 4c059a39, appium:javascriptEnabled: true, appium:locationContextEnabled: false, appium:networkConnectionEnabled: true, appium:newCommandTimeout: 1800, appium:pixelRatio: 2.9750001, appium:platformVersion: 13, appium:statBarHeight: 110, appium:systemPort: 8201, appium:takesScreenshot: true, appium:udid: 4c059a39, appium:viewportRect: {height: 2421, left: 0, top: 110, width: 1240}, appium:warnings: {}, appium:webStorageEnabled: false, platformName: ANDROID}
Session ID: d697b9ba-2294-41db-b3f9-4b8ab2003add">
      <![CDATA[org.openqa.selenium.InvalidSelectorException: org.eclipse.wst.xml.xpath2.processor.XPathParserException: CUP parser error: Parser error: line 1 col 4: Visit
For documentation on this error, please visit: https://www.selenium.dev/documentation/webdriver/troubleshooting/errors#invalid-selector-exception
Build info: version: '4.13.0', revision: 'ba948ece5b*'
System info: os.name: 'Windows 10', os.arch: 'amd64', os.version: '10.0', java.version: '11.0.11'
Driver info: io.appium.java_client.android.AndroidDriver
Command: [d697b9ba-2294-41db-b3f9-4b8ab2003add, findElement {using=xpath, value=SS Visit}]
Capabilities {appium:adbExecTimeout: 20000, appium:app: C:\Users\balaji.vijayakumar..., appium:appPackage: com.botree.mobilitysfa.prep..., appium:automationName: UIAutomator2, appium:databaseEnabled: false, appium:desired: {adbExecTimeout: 20000, app: C:\Users\balaji.vijayakumar..., automationName: UIAutomator2, deviceName: 4c059a39, newCommandTimeout: 1800, platformName: ANDROID, systemPort: 8201, udid: 4c059a39}, appium:deviceApiLevel: 33, appium:deviceManufacturer: OnePlus, appium:deviceModel: CPH2487, appium:deviceName: 4c059a39, appium:deviceScreenDensity: 476, appium:deviceScreenSize: 1240x2772, appium:deviceUDID: 4c059a39, appium:javascriptEnabled: true, appium:locationContextEnabled: false, appium:networkConnectionEnabled: true, appium:newCommandTimeout: 1800, appium:pixelRatio: 2.9750001, appium:platformVersion: 13, appium:statBarHeight: 110, appium:systemPort: 8201, appium:takesScreenshot: true, appium:udid: 4c059a39, appium:viewportRect: {height: 2421, left: 0, top: 110, width: 1240}, appium:warnings: {}, appium:webStorageEnabled: false, platformName: ANDROID}
Session ID: d697b9ba-2294-41db-b3f9-4b8ab2003add
at org.openqa.selenium.remote.codec.w3c.W3CHttpResponseCodec.createException(W3CHttpResponseCodec.java:200)
at org.openqa.selenium.remote.codec.w3c.W3CHttpResponseCodec.decode(W3CHttpResponseCodec.java:133)
at org.openqa.selenium.remote.codec.w3c.W3CHttpResponseCodec.decode(W3CHttpResponseCodec.java:52)
at org.openqa.selenium.remote.HttpCommandExecutor.execute(HttpCommandExecutor.java:191)
at io.appium.java_client.remote.AppiumCommandExecutor.execute(AppiumCommandExecutor.java:262)
at org.openqa.selenium.remote.RemoteWebDriver.execute(RemoteWebDriver.java:602)
at org.openqa.selenium.remote.ElementLocation$ElementFinder$2.findElement(ElementLocation.java:165)
at org.openqa.selenium.remote.ElementLocation.findElement(ElementLocation.java:59)
at org.openqa.selenium.remote.RemoteWebDriver.findElement(RemoteWebDriver.java:359)
at org.openqa.selenium.remote.RemoteWebDriver.findElement(RemoteWebDriver.java:353)
at org.openqa.selenium.support.pagefactory.DefaultElementLocator.findElement(DefaultElementLocator.java:68)
at org.openqa.selenium.support.pagefactory.internal.LocatingElementHandler.invoke(LocatingElementHandler.java:38)
at com.sun.proxy.$Proxy24.toString(Unknown Source)
at java.base/java.lang.String.valueOf(String.java:2951)
at com.botree.utility.AndroidCommonUtility.clickElement(AndroidCommonUtility.java:184)
at com.botree.MarchCR.StockTakeOptionInOrderBooking.clickSSVisit(StockTakeOptionInOrderBooking.java:606)
at com.botree.MarchCR_Test.StockTakeOptionInOrderBookingTest.verifyUserAbleToBookOrderAlongWithStockTakeEnabledInMDSR(StockTakeOptionInOrderBookingTest.java:93)
at java.base/java.util.ArrayList.forEach(ArrayList.java:1541)
... Removed 31 stack frames]]>
    </failure>
  </testcase> <!-- verifyUserAbleToBookOrderAlongWithStockTakeEnabledInMDSR -->
  <testcase classname="com.botree.MarchCR_Test.StockTakeOptionInOrderBookingTest" name="userAbleToDoOrderBookingAlongWithStockTakeEnabledInCompanyUser" time="157.385">
    <failure type="java.lang.IndexOutOfBoundsException" message="Index 0 out of bounds for length 0">
      <![CDATA[java.lang.IndexOutOfBoundsException: Index 0 out of bounds for length 0
at java.base/jdk.internal.util.Preconditions.outOfBounds(Preconditions.java:64)
at java.base/jdk.internal.util.Preconditions.outOfBoundsCheckIndex(Preconditions.java:70)
at java.base/jdk.internal.util.Preconditions.checkIndex(Preconditions.java:248)
at java.base/java.util.Objects.checkIndex(Objects.java:372)
at java.base/java.util.ArrayList.get(ArrayList.java:459)
at org.openqa.selenium.support.pagefactory.internal.LocatingElementListHandler.invoke(LocatingElementListHandler.java:39)
at com.sun.proxy.$Proxy25.get(Unknown Source)
at com.botree.MarchCR.StockTakeOptionInOrderBooking.verifyRetailerisDisplayed1(StockTakeOptionInOrderBooking.java:1119)
at com.botree.MarchCR_Test.StockTakeOptionInOrderBookingTest.userAbleToDoOrderBookingAlongWithStockTakeEnabledInCompanyUser(StockTakeOptionInOrderBookingTest.java:162)
at java.base/java.util.ArrayList.forEach(ArrayList.java:1541)
... Removed 30 stack frames]]>
    </failure>
  </testcase> <!-- userAbleToDoOrderBookingAlongWithStockTakeEnabledInCompanyUser -->
  <testcase classname="com.botree.MarchCR_Test.StockTakeOptionInOrderBookingTest" name="userAbleToDisableStockTakeOptionInOrderBookingScreen" time="20.544"/>
  <testcase classname="com.botree.MarchCR_Test.StockTakeOptionInOrderBookingTest" name="userAbleToVerifyBookOrderAlongWithStockTakeDisableInDSR" time="313.195">
    <failure type="java.lang.AssertionError" message="expected [false] but found [true]">
      <![CDATA[java.lang.AssertionError: expected [false] but found [true]
at com.botree.MarchCR.StockTakeOptionInOrderBooking.verifyStockTakeTextBoxIsDisabled(StockTakeOptionInOrderBooking.java:469)
at com.botree.MarchCR_Test.StockTakeOptionInOrderBookingTest.userAbleToVerifyBookOrderAlongWithStockTakeDisableInDSR(StockTakeOptionInOrderBookingTest.java:229)
at java.base/java.util.ArrayList.forEach(ArrayList.java:1541)
... Removed 31 stack frames]]>
    </failure>
  </testcase> <!-- userAbleToVerifyBookOrderAlongWithStockTakeDisableInDSR -->
  <testcase classname="com.botree.MarchCR_Test.StockTakeOptionInOrderBookingTest" name="verifyUserAbleToBookOrderAlongWithStockTakeDisableInMDSR" time="119.122">
    <failure type="org.openqa.selenium.InvalidSelectorException" message="org.eclipse.wst.xml.xpath2.processor.XPathParserException: CUP parser error: Parser error: line 1 col 4: Visit
For documentation on this error, please visit: https://www.selenium.dev/documentation/webdriver/troubleshooting/errors#invalid-selector-exception
Build info: version: &amp;apos;4.13.0&amp;apos;, revision: &amp;apos;ba948ece5b*&amp;apos;
System info: os.name: &amp;apos;Windows 10&amp;apos;, os.arch: &amp;apos;amd64&amp;apos;, os.version: &amp;apos;10.0&amp;apos;, java.version: &amp;apos;11.0.11&amp;apos;
Driver info: io.appium.java_client.android.AndroidDriver
Command: [d697b9ba-2294-41db-b3f9-4b8ab2003add, findElement {using=xpath, value=SS Visit}]
Capabilities {appium:adbExecTimeout: 20000, appium:app: C:\Users\balaji.vijayakumar..., appium:appPackage: com.botree.mobilitysfa.prep..., appium:automationName: UIAutomator2, appium:databaseEnabled: false, appium:desired: {adbExecTimeout: 20000, app: C:\Users\balaji.vijayakumar..., automationName: UIAutomator2, deviceName: 4c059a39, newCommandTimeout: 1800, platformName: ANDROID, systemPort: 8201, udid: 4c059a39}, appium:deviceApiLevel: 33, appium:deviceManufacturer: OnePlus, appium:deviceModel: CPH2487, appium:deviceName: 4c059a39, appium:deviceScreenDensity: 476, appium:deviceScreenSize: 1240x2772, appium:deviceUDID: 4c059a39, appium:javascriptEnabled: true, appium:locationContextEnabled: false, appium:networkConnectionEnabled: true, appium:newCommandTimeout: 1800, appium:pixelRatio: 2.9750001, appium:platformVersion: 13, appium:statBarHeight: 110, appium:systemPort: 8201, appium:takesScreenshot: true, appium:udid: 4c059a39, appium:viewportRect: {height: 2421, left: 0, top: 110, width: 1240}, appium:warnings: {}, appium:webStorageEnabled: false, platformName: ANDROID}
Session ID: d697b9ba-2294-41db-b3f9-4b8ab2003add">
      <![CDATA[org.openqa.selenium.InvalidSelectorException: org.eclipse.wst.xml.xpath2.processor.XPathParserException: CUP parser error: Parser error: line 1 col 4: Visit
For documentation on this error, please visit: https://www.selenium.dev/documentation/webdriver/troubleshooting/errors#invalid-selector-exception
Build info: version: '4.13.0', revision: 'ba948ece5b*'
System info: os.name: 'Windows 10', os.arch: 'amd64', os.version: '10.0', java.version: '11.0.11'
Driver info: io.appium.java_client.android.AndroidDriver
Command: [d697b9ba-2294-41db-b3f9-4b8ab2003add, findElement {using=xpath, value=SS Visit}]
Capabilities {appium:adbExecTimeout: 20000, appium:app: C:\Users\balaji.vijayakumar..., appium:appPackage: com.botree.mobilitysfa.prep..., appium:automationName: UIAutomator2, appium:databaseEnabled: false, appium:desired: {adbExecTimeout: 20000, app: C:\Users\balaji.vijayakumar..., automationName: UIAutomator2, deviceName: 4c059a39, newCommandTimeout: 1800, platformName: ANDROID, systemPort: 8201, udid: 4c059a39}, appium:deviceApiLevel: 33, appium:deviceManufacturer: OnePlus, appium:deviceModel: CPH2487, appium:deviceName: 4c059a39, appium:deviceScreenDensity: 476, appium:deviceScreenSize: 1240x2772, appium:deviceUDID: 4c059a39, appium:javascriptEnabled: true, appium:locationContextEnabled: false, appium:networkConnectionEnabled: true, appium:newCommandTimeout: 1800, appium:pixelRatio: 2.9750001, appium:platformVersion: 13, appium:statBarHeight: 110, appium:systemPort: 8201, appium:takesScreenshot: true, appium:udid: 4c059a39, appium:viewportRect: {height: 2421, left: 0, top: 110, width: 1240}, appium:warnings: {}, appium:webStorageEnabled: false, platformName: ANDROID}
Session ID: d697b9ba-2294-41db-b3f9-4b8ab2003add
at org.openqa.selenium.remote.codec.w3c.W3CHttpResponseCodec.createException(W3CHttpResponseCodec.java:200)
at org.openqa.selenium.remote.codec.w3c.W3CHttpResponseCodec.decode(W3CHttpResponseCodec.java:133)
at org.openqa.selenium.remote.codec.w3c.W3CHttpResponseCodec.decode(W3CHttpResponseCodec.java:52)
at org.openqa.selenium.remote.HttpCommandExecutor.execute(HttpCommandExecutor.java:191)
at io.appium.java_client.remote.AppiumCommandExecutor.execute(AppiumCommandExecutor.java:262)
at org.openqa.selenium.remote.RemoteWebDriver.execute(RemoteWebDriver.java:602)
at org.openqa.selenium.remote.ElementLocation$ElementFinder$2.findElement(ElementLocation.java:165)
at org.openqa.selenium.remote.ElementLocation.findElement(ElementLocation.java:59)
at org.openqa.selenium.remote.RemoteWebDriver.findElement(RemoteWebDriver.java:359)
at org.openqa.selenium.remote.RemoteWebDriver.findElement(RemoteWebDriver.java:353)
at org.openqa.selenium.support.pagefactory.DefaultElementLocator.findElement(DefaultElementLocator.java:68)
at org.openqa.selenium.support.pagefactory.internal.LocatingElementHandler.invoke(LocatingElementHandler.java:38)
at com.sun.proxy.$Proxy24.toString(Unknown Source)
at java.base/java.lang.String.valueOf(String.java:2951)
at com.botree.utility.AndroidCommonUtility.clickElement(AndroidCommonUtility.java:184)
at com.botree.MarchCR.StockTakeOptionInOrderBooking.clickSSVisit(StockTakeOptionInOrderBooking.java:606)
at com.botree.MarchCR_Test.StockTakeOptionInOrderBookingTest.verifyUserAbleToBookOrderAlongWithStockTakeDisableInMDSR(StockTakeOptionInOrderBookingTest.java:253)
at java.base/java.util.ArrayList.forEach(ArrayList.java:1541)
... Removed 31 stack frames]]>
    </failure>
  </testcase> <!-- verifyUserAbleToBookOrderAlongWithStockTakeDisableInMDSR -->
  <testcase classname="com.botree.MarchCR_Test.StockTakeOptionInOrderBookingTest" name="userAbleToDoOrderBookingAlongWithStockTakeDisableInCompanyUser" time="73.319">
    <failure type="java.lang.Exception" message="Sendkeys not performed. [[AndroidDriver:  on ANDROID (d697b9ba-2294-41db-b3f9-4b8ab2003add)] -&amp;gt; id: com.botree.mobilitysfa.preprodstage:id/password_edt]">
      <![CDATA[java.lang.Exception: Sendkeys not performed. [[AndroidDriver:  on ANDROID (d697b9ba-2294-41db-b3f9-4b8ab2003add)] -> id: com.botree.mobilitysfa.preprodstage:id/password_edt]
at com.botree.utility.AndroidCommonUtility.sendKeys(AndroidCommonUtility.java:174)
at com.botree.SSFA.InitialLoginPage.setActivity(InitialLoginPage.java:142)
at com.botree.MarchCR_Test.StockTakeOptionInOrderBookingTest.userAbleToDoOrderBookingAlongWithStockTakeDisableInCompanyUser(StockTakeOptionInOrderBookingTest.java:303)
at java.base/java.util.ArrayList.forEach(ArrayList.java:1541)
... Removed 27 stack frames]]>
    </failure>
  </testcase> <!-- userAbleToDoOrderBookingAlongWithStockTakeDisableInCompanyUser -->
  <testcase classname="com.botree.utility.BaseTest_Listener" name="@BeforeSuite setUp" time="0.0">
    <ignored/>
  </testcase> <!-- @BeforeSuite setUp -->
  <testcase classname="com.botree.utility.BaseTest_Listener" name="@BeforeTest initializeAppiumDriver" time="0.0">
    <ignored/>
  </testcase> <!-- @BeforeTest initializeAppiumDriver -->
  <testcase classname="com.botree.utility.BaseTest_Listener" name="@AfterSuite tearDownMobileDriver" time="0.0">
    <ignored/>
  </testcase> <!-- @AfterSuite tearDownMobileDriver -->
</testsuite> <!-- Test suite1 -->
